This file contains any messages produced by compilers while
running configure, to aid debugging if configure makes a mistake.

It was created by cmatrix configure 2.0, which was
generated by GNU Autoconf 2.69.  Invocation command line was

  $ ./configure 

## --------- ##
## Platform. ##
## --------- ##

hostname = rivera
uname -m = x86_64
uname -r = 3.10.0-1062.4.3.el7.x86_64
uname -s = Linux
uname -v = #1 SMP Wed Nov 13 23:58:53 UTC 2019

/usr/bin/uname -p = x86_64
/bin/uname -X     = unknown

/bin/arch              = x86_64
/usr/bin/arch -k       = unknown
/usr/convex/getsysinfo = unknown
/usr/bin/hostinfo      = unknown
/bin/machine           = unknown
/usr/bin/oslevel       = unknown
/bin/universe          = unknown

PATH: /local/hmachado//bin/tools/vim-8.1/bin
PATH: /usr/local/bin
PATH: /usr/bin
PATH: /usr/local/sbin
PATH: /usr/sbin


## ----------- ##
## Core tests. ##
## ----------- ##

configure:2205: checking for a BSD-compatible install
configure:2273: result: /usr/bin/install -c
configure:2284: checking whether build environment is sane
configure:2339: result: yes
configure:2490: checking for a thread-safe mkdir -p
configure:2529: result: /usr/bin/mkdir -p
configure:2536: checking for gawk
configure:2552: found /usr/bin/gawk
configure:2563: result: gawk
configure:2574: checking whether make sets $(MAKE)
configure:2596: result: yes
configure:2625: checking whether make supports nested variables
configure:2642: result: yes
configure:2775: checking for gcc
configure:2791: found /usr/bin/gcc
configure:2802: result: gcc
configure:3031: checking for C compiler version
configure:3040: gcc --version >&5
gcc (GCC) 4.8.5 20150623 (Red Hat 4.8.5-39)
Copyright (C) 2015 Free Software Foundation, Inc.
This is free software; see the source for copying conditions.  There is NO
warranty; not even for MERCHANTABILITY or FITNESS FOR A PARTICULAR PURPOSE.

configure:3051: $? = 0
configure:3040: gcc -v >&5
Using built-in specs.
COLLECT_GCC=gcc
COLLECT_LTO_WRAPPER=/usr/libexec/gcc/x86_64-redhat-linux/4.8.5/lto-wrapper
Target: x86_64-redhat-linux
Configured with: ../configure --prefix=/usr --mandir=/usr/share/man --infodir=/usr/share/info --with-bugurl=http://bugzilla.redhat.com/bugzilla --enable-bootstrap --enable-shared --enable-threads=posix --enable-checking=release --with-system-zlib --enable-__cxa_atexit --disable-libunwind-exceptions --enable-gnu-unique-object --enable-linker-build-id --with-linker-hash-style=gnu --enable-languages=c,c++,objc,obj-c++,java,fortran,ada,go,lto --enable-plugin --enable-initfini-array --disable-libgcj --with-isl=/builddir/build/BUILD/gcc-4.8.5-20150702/obj-x86_64-redhat-linux/isl-install --with-cloog=/builddir/build/BUILD/gcc-4.8.5-20150702/obj-x86_64-redhat-linux/cloog-install --enable-gnu-indirect-function --with-tune=generic --with-arch_32=x86-64 --build=x86_64-redhat-linux
Thread model: posix
gcc version 4.8.5 20150623 (Red Hat 4.8.5-39) (GCC) 
configure:3051: $? = 0
configure:3040: gcc -V >&5
gcc: error: unrecognized command line option '-V'
gcc: fatal error: no input files
compilation terminated.
configure:3051: $? = 4
configure:3040: gcc -qversion >&5
gcc: error: unrecognized command line option '-qversion'
gcc: fatal error: no input files
compilation terminated.
configure:3051: $? = 4
configure:3071: checking whether the C compiler works
configure:3093: gcc    conftest.c  >&5
configure:3097: $? = 0
configure:3145: result: yes
configure:3148: checking for C compiler default output file name
configure:3150: result: a.out
configure:3156: checking for suffix of executables
configure:3163: gcc -o conftest    conftest.c  >&5
configure:3167: $? = 0
configure:3189: result: 
configure:3211: checking whether we are cross compiling
configure:3219: gcc -o conftest    conftest.c  >&5
configure:3223: $? = 0
configure:3230: ./conftest
configure:3234: $? = 0
configure:3249: result: no
configure:3254: checking for suffix of object files
configure:3276: gcc -c   conftest.c >&5
configure:3280: $? = 0
configure:3301: result: o
configure:3305: checking whether we are using the GNU C compiler
configure:3324: gcc -c   conftest.c >&5
configure:3324: $? = 0
configure:3333: result: yes
configure:3342: checking whether gcc accepts -g
configure:3362: gcc -c -g  conftest.c >&5
configure:3362: $? = 0
configure:3403: result: yes
configure:3420: checking for gcc option to accept ISO C89
configure:3483: gcc  -c -g -O2  conftest.c >&5
configure:3483: $? = 0
configure:3496: result: none needed
configure:3527: checking for style of include used by make
configure:3555: result: GNU
configure:3581: checking dependency style of gcc
configure:3692: result: gcc3
configure:3708: checking whether make sets $(MAKE)
configure:3730: result: yes
configure:3741: checking for main in -lncurses
configure:3760: gcc -o conftest -g -O2   conftest.c -lncurses   >&5
configure:3760: $? = 0
configure:3769: result: yes
configure:3786: checking how to run the C preprocessor
configure:3817: gcc -E  conftest.c
configure:3817: $? = 0
configure:3831: gcc -E  conftest.c
conftest.c:12:28: fatal error: ac_nonexistent.h: No such file or directory
 #include <ac_nonexistent.h>
                            ^
compilation terminated.
configure:3831: $? = 1
configure: failed program was:
| /* confdefs.h */
| #define PACKAGE_NAME "cmatrix"
| #define PACKAGE_TARNAME "cmatrix"
| #define PACKAGE_VERSION "2.0"
| #define PACKAGE_STRING "cmatrix 2.0"
| #define PACKAGE_BUGREPORT "abishekvashok@gmail.com"
| #define PACKAGE_URL ""
| #define PACKAGE "cmatrix"
| #define VERSION "2.0"
| #define HAVE_LIBNCURSES 1
| /* end confdefs.h.  */
| #include <ac_nonexistent.h>
configure:3856: result: gcc -E
configure:3876: gcc -E  conftest.c
configure:3876: $? = 0
configure:3890: gcc -E  conftest.c
conftest.c:12:28: fatal error: ac_nonexistent.h: No such file or directory
 #include <ac_nonexistent.h>
                            ^
compilation terminated.
configure:3890: $? = 1
configure: failed program was:
| /* confdefs.h */
| #define PACKAGE_NAME "cmatrix"
| #define PACKAGE_TARNAME "cmatrix"
| #define PACKAGE_VERSION "2.0"
| #define PACKAGE_STRING "cmatrix 2.0"
| #define PACKAGE_BUGREPORT "abishekvashok@gmail.com"
| #define PACKAGE_URL ""
| #define PACKAGE "cmatrix"
| #define VERSION "2.0"
| #define HAVE_LIBNCURSES 1
| /* end confdefs.h.  */
| #include <ac_nonexistent.h>
configure:3919: checking for grep that handles long lines and -e
configure:3977: result: /usr/bin/grep
configure:3982: checking for egrep
configure:4044: result: /usr/bin/grep -E
configure:4049: checking for ANSI C header files
configure:4069: gcc -c -g -O2  conftest.c >&5
configure:4069: $? = 0
configure:4142: gcc -o conftest -g -O2   conftest.c -lncurses  >&5
configure:4142: $? = 0
configure:4142: ./conftest
configure:4142: $? = 0
configure:4153: result: yes
configure:4166: checking for sys/types.h
configure:4166: gcc -c -g -O2  conftest.c >&5
configure:4166: $? = 0
configure:4166: result: yes
configure:4166: checking for sys/stat.h
configure:4166: gcc -c -g -O2  conftest.c >&5
configure:4166: $? = 0
configure:4166: result: yes
configure:4166: checking for stdlib.h
configure:4166: gcc -c -g -O2  conftest.c >&5
configure:4166: $? = 0
configure:4166: result: yes
configure:4166: checking for string.h
configure:4166: gcc -c -g -O2  conftest.c >&5
configure:4166: $? = 0
configure:4166: result: yes
configure:4166: checking for memory.h
configure:4166: gcc -c -g -O2  conftest.c >&5
configure:4166: $? = 0
configure:4166: result: yes
configure:4166: checking for strings.h
configure:4166: gcc -c -g -O2  conftest.c >&5
configure:4166: $? = 0
configure:4166: result: yes
configure:4166: checking for inttypes.h
configure:4166: gcc -c -g -O2  conftest.c >&5
configure:4166: $? = 0
configure:4166: result: yes
configure:4166: checking for stdint.h
configure:4166: gcc -c -g -O2  conftest.c >&5
configure:4166: $? = 0
configure:4166: result: yes
configure:4166: checking for unistd.h
configure:4166: gcc -c -g -O2  conftest.c >&5
configure:4166: $? = 0
configure:4166: result: yes
configure:4181: checking fcntl.h usability
configure:4181: gcc -c -g -O2  conftest.c >&5
configure:4181: $? = 0
configure:4181: result: yes
configure:4181: checking fcntl.h presence
configure:4181: gcc -E  conftest.c
configure:4181: $? = 0
configure:4181: result: yes
configure:4181: checking for fcntl.h
configure:4181: result: yes
configure:4181: checking sys/ioctl.h usability
configure:4181: gcc -c -g -O2  conftest.c >&5
configure:4181: $? = 0
configure:4181: result: yes
configure:4181: checking sys/ioctl.h presence
configure:4181: gcc -E  conftest.c
configure:4181: $? = 0
configure:4181: result: yes
configure:4181: checking for sys/ioctl.h
configure:4181: result: yes
configure:4181: checking for unistd.h
configure:4181: result: yes
configure:4181: checking termios.h usability
configure:4181: gcc -c -g -O2  conftest.c >&5
configure:4181: $? = 0
configure:4181: result: yes
configure:4181: checking termios.h presence
configure:4181: gcc -E  conftest.c
configure:4181: $? = 0
configure:4181: result: yes
configure:4181: checking for termios.h
configure:4181: result: yes
configure:4181: checking termio.h usability
configure:4181: gcc -c -g -O2  conftest.c >&5
configure:4181: $? = 0
configure:4181: result: yes
configure:4181: checking termio.h presence
configure:4181: gcc -E  conftest.c
configure:4181: $? = 0
configure:4181: result: yes
configure:4181: checking for termio.h
configure:4181: result: yes
configure:4192: checking return type of signal handlers
configure:4210: gcc -c -g -O2  conftest.c >&5
conftest.c: In function 'main':
conftest.c:33:1: error: void value not ignored as it ought to be
 return *(signal (0, 0)) (0) == 1;
 ^
configure:4210: $? = 1
configure: failed program was:
| /* confdefs.h */
| #define PACKAGE_NAME "cmatrix"
| #define PACKAGE_TARNAME "cmatrix"
| #define PACKAGE_VERSION "2.0"
| #define PACKAGE_STRING "cmatrix 2.0"
| #define PACKAGE_BUGREPORT "abishekvashok@gmail.com"
| #define PACKAGE_URL ""
| #define PACKAGE "cmatrix"
| #define VERSION "2.0"
| #define HAVE_LIBNCURSES 1
| #define STDC_HEADERS 1
| #define HAVE_SYS_TYPES_H 1
| #define HAVE_SYS_STAT_H 1
| #define HAVE_STDLIB_H 1
| #define HAVE_STRING_H 1
| #define HAVE_MEMORY_H 1
| #define HAVE_STRINGS_H 1
| #define HAVE_INTTYPES_H 1
| #define HAVE_STDINT_H 1
| #define HAVE_UNISTD_H 1
| #define HAVE_FCNTL_H 1
| #define HAVE_SYS_IOCTL_H 1
| #define HAVE_UNISTD_H 1
| #define HAVE_TERMIOS_H 1
| #define HAVE_TERMIO_H 1
| /* end confdefs.h.  */
| #include <sys/types.h>
| #include <signal.h>
| 
| int
| main ()
| {
| return *(signal (0, 0)) (0) == 1;
|   ;
|   return 0;
| }
configure:4217: result: void
configure:4227: checking for putenv
configure:4227: gcc -o conftest -g -O2   conftest.c -lncurses  >&5
configure:4227: $? = 0
configure:4227: result: yes
configure:4240: checking curses.h usability
configure:4240: gcc -c -g -O2  conftest.c >&5
configure:4240: $? = 0
configure:4240: result: yes
configure:4240: checking curses.h presence
configure:4240: gcc -E  conftest.c
configure:4240: $? = 0
configure:4240: result: yes
configure:4240: checking for curses.h
configure:4240: result: yes
configure:4240: checking ncurses.h usability
configure:4240: gcc -c -g -O2  conftest.c >&5
configure:4240: $? = 0
configure:4240: result: yes
configure:4240: checking ncurses.h presence
configure:4240: gcc -E  conftest.c
configure:4240: $? = 0
configure:4240: result: yes
configure:4240: checking for ncurses.h
configure:4240: result: yes
configure:4252: checking for tgetent in -lncurses
configure:4277: gcc -o conftest -g -O2   conftest.c -lncurses  -lncurses  >&5
configure:4277: $? = 0
configure:4286: result: yes
configure:4436: result: "Using ncurses as the termcap library"
configure:4441: checking for use_default_colors in -lncurses
configure:4466: gcc -o conftest -g -O2   conftest.c -lncurses  -lncurses  >&5
configure:4466: $? = 0
configure:4476: result: yes
configure:4484: checking for resizeterm in -lncurses
configure:4509: gcc -o conftest -g -O2   conftest.c -lncurses  -lncurses  >&5
configure:4509: $? = 0
configure:4519: result: yes
configure:4527: checking for wresize in -lncurses
configure:4552: gcc -o conftest -g -O2   conftest.c -lncurses  -lncurses  >&5
configure:4552: $? = 0
configure:4562: result: yes
configure:4587: checking for consolechars
configure:4622: result: no
configure:4629: checking for setfont
configure:4648: found /usr/bin/setfont
configure:4661: result: /usr/bin/setfont
configure:4704: checking for /usr/lib/kbd/consolefonts
configure:4717: result: yes
configure:4726: checking for /usr/share/consolefonts
configure:4739: result: no
configure:4777: checking for mkfontdir
configure:4796: found /usr/bin/mkfontdir
configure:4809: result: /usr/bin/mkfontdir
configure:4817: checking for /usr/lib/X11/fonts/misc
configure:4830: result: no
configure:4839: checking for /usr/X11R6/lib/X11/fonts/misc
configure:4852: result: no
configure:4872: WARNING:

*** You do not appear to have an X window fonts directory in the standard
*** locations (/usr/lib/X11/fonts/misc or /usr/X11R6/lib/X11/fonts/misc). The
*** mtx.pcf font will not be installed.  This means you will probably not
*** be able to use the mtx fonts in your x terminals, and hence be unable
*** to use the -x command line switch.  Sorry about that...

configure:5023: checking that generated files are newer than configure
configure:5029: result: done
configure:5056: creating ./config.status

## ---------------------- ##
## Running config.status. ##
## ---------------------- ##

This file was extended by cmatrix config.status 2.0, which was
generated by GNU Autoconf 2.69.  Invocation command line was

  CONFIG_FILES    = 
  CONFIG_HEADERS  = 
  CONFIG_LINKS    = 
  CONFIG_COMMANDS = 
  $ ./config.status 

on rivera

config.status:875: creating Makefile
config.status:875: creating cmatrix.spec
config.status:875: creating config.h
config.status:1104: executing depfiles commands

## ---------------- ##
## Cache variables. ##
## ---------------- ##

ac_cv_c_compiler_gnu=yes
ac_cv_env_CC_set=
ac_cv_env_CC_value=
ac_cv_env_CFLAGS_set=
ac_cv_env_CFLAGS_value=
ac_cv_env_CPPFLAGS_set=
ac_cv_env_CPPFLAGS_value=
ac_cv_env_CPP_set=
ac_cv_env_CPP_value=
ac_cv_env_LDFLAGS_set=
ac_cv_env_LDFLAGS_value=
ac_cv_env_LIBS_set=
ac_cv_env_LIBS_value=
ac_cv_env_build_alias_set=
ac_cv_env_build_alias_value=
ac_cv_env_host_alias_set=
ac_cv_env_host_alias_value=
ac_cv_env_target_alias_set=
ac_cv_env_target_alias_value=
ac_cv_file__usr_X11R6_lib_X11_fonts_misc=no
ac_cv_file__usr_lib_X11_fonts_misc=no
ac_cv_file__usr_lib_kbd_consolefonts=yes
ac_cv_file__usr_share_consolefonts=no
ac_cv_func_putenv=yes
ac_cv_header_curses_h=yes
ac_cv_header_fcntl_h=yes
ac_cv_header_inttypes_h=yes
ac_cv_header_memory_h=yes
ac_cv_header_ncurses_h=yes
ac_cv_header_stdc=yes
ac_cv_header_stdint_h=yes
ac_cv_header_stdlib_h=yes
ac_cv_header_string_h=yes
ac_cv_header_strings_h=yes
ac_cv_header_sys_ioctl_h=yes
ac_cv_header_sys_stat_h=yes
ac_cv_header_sys_types_h=yes
ac_cv_header_termio_h=yes
ac_cv_header_termios_h=yes
ac_cv_header_unistd_h=yes
ac_cv_lib_ncurses___resizeterm=yes
ac_cv_lib_ncurses___use_default_colors=yes
ac_cv_lib_ncurses___wresize=yes
ac_cv_lib_ncurses_main=yes
ac_cv_lib_ncurses_tgetent=yes
ac_cv_objext=o
ac_cv_path_CONSOLECHARS=
ac_cv_path_EGREP='/usr/bin/grep -E'
ac_cv_path_GREP=/usr/bin/grep
ac_cv_path_MKFONTDIR=/usr/bin/mkfontdir
ac_cv_path_SETFONT=/usr/bin/setfont
ac_cv_path_install='/usr/bin/install -c'
ac_cv_path_mkdir=/usr/bin/mkdir
ac_cv_prog_AWK=gawk
ac_cv_prog_CPP='gcc -E'
ac_cv_prog_ac_ct_CC=gcc
ac_cv_prog_cc_c89=
ac_cv_prog_cc_g=yes
ac_cv_prog_make_make_set=yes
ac_cv_type_signal=void
am_cv_CC_dependencies_compiler_type=gcc3
am_cv_make_support_nested_variables=yes

## ----------------- ##
## Output variables. ##
## ----------------- ##

ACLOCAL='${SHELL} /local/hmachado/Desktop/cmatrix/missing aclocal-1.13'
AMDEPBACKSLASH='\'
AMDEP_FALSE='#'
AMDEP_TRUE=''
AMTAR='$${TAR-tar}'
AM_BACKSLASH='\'
AM_DEFAULT_V='$(AM_DEFAULT_VERBOSITY)'
AM_DEFAULT_VERBOSITY='1'
AM_V='$(V)'
AUTOCONF='${SHELL} /local/hmachado/Desktop/cmatrix/missing autoconf'
AUTOHEADER='${SHELL} /local/hmachado/Desktop/cmatrix/missing autoheader'
AUTOMAKE='${SHELL} /local/hmachado/Desktop/cmatrix/missing automake-1.13'
AWK='gawk'
CC='gcc'
CCDEPMODE='depmode=gcc3'
CFLAGS='-g -O2'
CONSOLECHARS=''
CPP='gcc -E'
CPPFLAGS=''
CURSES_LIB='-lncurses'
CYGPATH_W='echo'
DEFS='-DHAVE_CONFIG_H'
DEPDIR='.deps'
ECHO_C=''
ECHO_N='-n'
ECHO_T=''
EGREP='/usr/bin/grep -E'
EXEEXT=''
GREP='/usr/bin/grep'
INSTALL_DATA='${INSTALL} -m 644'
INSTALL_PROGRAM='${INSTALL}'
INSTALL_SCRIPT='${INSTALL}'
INSTALL_STRIP_PROGRAM='$(install_sh) -c -s'
LDFLAGS=''
LIBOBJS=''
LIBS='-lncurses  -lncurses'
LTLIBOBJS=''
MAKEINFO='${SHELL} /local/hmachado/Desktop/cmatrix/missing makeinfo'
MATRIX_FONTS_FALSE='#'
MATRIX_FONTS_TRUE=''
MKDIR_P='/usr/bin/mkdir -p'
MKFONTDIR='/usr/bin/mkfontdir'
OBJEXT='o'
PACKAGE='cmatrix'
PACKAGE_BUGREPORT='abishekvashok@gmail.com'
PACKAGE_NAME='cmatrix'
PACKAGE_STRING='cmatrix 2.0'
PACKAGE_TARNAME='cmatrix'
PACKAGE_URL=''
PACKAGE_VERSION='2.0'
PATH_SEPARATOR=':'
SETFONT='/usr/bin/setfont'
SET_MAKE=''
SHELL='/bin/sh'
STRIP=''
VERSION='2.0'
ac_ct_CC='gcc'
am__EXEEXT_FALSE=''
am__EXEEXT_TRUE='#'
am__fastdepCC_FALSE='#'
am__fastdepCC_TRUE=''
am__include='include'
am__isrc=''
am__leading_dot='.'
am__nodep='_no'
am__quote=''
am__tar='$${TAR-tar} chof - "$$tardir"'
am__untar='$${TAR-tar} xf -'
bindir='${exec_prefix}/bin'
build_alias=''
datadir='${datarootdir}'
datarootdir='${prefix}/share'
docdir='${datarootdir}/doc/${PACKAGE_TARNAME}'
dvidir='${docdir}'
exec_prefix='${prefix}'
host_alias=''
htmldir='${docdir}'
includedir='${prefix}/include'
infodir='${datarootdir}/info'
install_sh='${SHELL} /local/hmachado/Desktop/cmatrix/install-sh'
libdir='${exec_prefix}/lib'
libexecdir='${exec_prefix}/libexec'
localedir='${datarootdir}/locale'
localstatedir='${prefix}/var'
mandir='${datarootdir}/man'
mkdir_p='$(MKDIR_P)'
oldincludedir='/usr/include'
pdfdir='${docdir}'
prefix='/usr/local'
program_transform_name='s,x,x,'
psdir='${docdir}'
sbindir='${exec_prefix}/sbin'
sharedstatedir='${prefix}/com'
sysconfdir='${prefix}/etc'
target_alias=''

## ----------- ##
## confdefs.h. ##
## ----------- ##

/* confdefs.h */
#define PACKAGE_NAME "cmatrix"
#define PACKAGE_TARNAME "cmatrix"
#define PACKAGE_VERSION "2.0"
#define PACKAGE_STRING "cmatrix 2.0"
#define PACKAGE_BUGREPORT "abishekvashok@gmail.com"
#define PACKAGE_URL ""
#define PACKAGE "cmatrix"
#define VERSION "2.0"
#define HAVE_LIBNCURSES 1
#define STDC_HEADERS 1
#define HAVE_SYS_TYPES_H 1
#define HAVE_SYS_STAT_H 1
#define HAVE_STDLIB_H 1
#define HAVE_STRING_H 1
#define HAVE_MEMORY_H 1
#define HAVE_STRINGS_H 1
#define HAVE_INTTYPES_H 1
#define HAVE_STDINT_H 1
#define HAVE_UNISTD_H 1
#define HAVE_FCNTL_H 1
#define HAVE_SYS_IOCTL_H 1
#define HAVE_UNISTD_H 1
#define HAVE_TERMIOS_H 1
#define HAVE_TERMIO_H 1
#define RETSIGTYPE void
#define HAVE_PUTENV 1
#define HAVE_CURSES_H 1
#define HAVE_NCURSES_H 1
#define HAVE_USE_DEFAULT_COLORS 1
#define HAVE_RESIZETERM 1
#define HAVE_WRESIZE 1
#define HAVE_SETFONT /usr/bin/setfont
#define HAVE__USR_LIB_KBD_CONSOLEFONTS 1
#define USE_TIOCSTI 1

configure: exit 0
