This file contains any messages produced by compilers while
running configure, to aid debugging if configure makes a mistake.

It was created by configure, which was
generated by GNU Autoconf 2.63.  Invocation command line was

  $ ./configure 

## --------- ##
## Platform. ##
## --------- ##

hostname = gragoata
uname -m = x86_64
uname -r = 2.6.32-642.3.1.el6.x86_64
uname -s = Linux
uname -v = #1 SMP Tue Jul 12 18:30:56 UTC 2016

/usr/bin/uname -p = unknown
/bin/uname -X     = unknown

/bin/arch              = x86_64
/usr/bin/arch -k       = unknown
/usr/convex/getsysinfo = unknown
/usr/bin/hostinfo      = unknown
/bin/machine           = unknown
/usr/bin/oslevel       = unknown
/bin/universe          = unknown

PATH: /usr/lib64/qt-3.3/bin
PATH: /usr/local/bin
PATH: /usr/bin
PATH: /bin


## ----------- ##
## Core tests. ##
## ----------- ##

configure:1864: checking for a BSD-compatible install
configure:1932: result: /usr/bin/install -c
configure:1943: checking whether build environment is sane
configure:2003: result: yes
configure:2031: WARNING: `missing' script is too old or missing
configure:2144: checking for a thread-safe mkdir -p
configure:2183: result: /bin/mkdir -p
configure:2196: checking for gawk
configure:2212: found /usr/bin/gawk
configure:2223: result: gawk
configure:2234: checking whether make sets $(MAKE)
configure:2256: result: yes
configure:2389: checking for gcc
configure:2405: found /usr/bin/gcc
configure:2416: result: gcc
configure:2648: checking for C compiler version
configure:2656: gcc --version >&5
gcc (GCC) 4.4.7 20120313 (Red Hat 4.4.7-17)
Copyright (C) 2010 Free Software Foundation, Inc.
This is free software; see the source for copying conditions.  There is NO
warranty; not even for MERCHANTABILITY or FITNESS FOR A PARTICULAR PURPOSE.

configure:2660: $? = 0
configure:2667: gcc -v >&5
Using built-in specs.
Target: x86_64-redhat-linux
Configured with: ../configure --prefix=/usr --mandir=/usr/share/man --infodir=/usr/share/info --with-bugurl=http://bugzilla.redhat.com/bugzilla --enable-bootstrap --enable-shared --enable-threads=posix --enable-checking=release --with-system-zlib --enable-__cxa_atexit --disable-libunwind-exceptions --enable-gnu-unique-object --enable-languages=c,c++,objc,obj-c++,java,fortran,ada --enable-java-awt=gtk --disable-dssi --with-java-home=/usr/lib/jvm/java-1.5.0-gcj-1.5.0.0/jre --enable-libgcj-multifile --enable-java-maintainer-mode --with-ecj-jar=/usr/share/java/eclipse-ecj.jar --disable-libjava-multilib --with-ppl --with-cloog --with-tune=generic --with-arch_32=i686 --build=x86_64-redhat-linux
Thread model: posix
gcc version 4.4.7 20120313 (Red Hat 4.4.7-17) (GCC) 
configure:2671: $? = 0
configure:2678: gcc -V >&5
gcc: '-V' option must have argument
configure:2682: $? = 1
configure:2705: checking for C compiler default output file name
configure:2727: gcc    conftest.c  >&5
configure:2731: $? = 0
configure:2769: result: a.out
configure:2788: checking whether the C compiler works
configure:2798: ./a.out
configure:2802: $? = 0
configure:2821: result: yes
configure:2828: checking whether we are cross compiling
configure:2830: result: no
configure:2833: checking for suffix of executables
configure:2840: gcc -o conftest    conftest.c  >&5
configure:2844: $? = 0
configure:2870: result: 
configure:2876: checking for suffix of object files
configure:2902: gcc -c   conftest.c >&5
configure:2906: $? = 0
configure:2931: result: o
configure:2935: checking whether we are using the GNU C compiler
configure:2964: gcc -c   conftest.c >&5
configure:2971: $? = 0
configure:2988: result: yes
configure:2997: checking whether gcc accepts -g
configure:3027: gcc -c -g  conftest.c >&5
configure:3034: $? = 0
configure:3135: result: yes
configure:3152: checking for gcc option to accept ISO C89
configure:3226: gcc  -c -g -O2  conftest.c >&5
configure:3233: $? = 0
configure:3256: result: none needed
configure:3285: checking for style of include used by make
configure:3313: result: GNU
configure:3338: checking dependency style of gcc
configure:3448: result: gcc3
configure:3477: checking for a BSD-compatible install
configure:3545: result: /usr/bin/install -c
configure:3556: checking whether make sets $(MAKE)
configure:3578: result: yes
configure:3590: checking for main in -lncurses
configure:3619: gcc -o conftest -g -O2   conftest.c -lncurses   >&5
configure:3626: $? = 0
configure:3647: result: yes
configure:3664: checking how to run the C preprocessor
configure:3704: gcc -E  conftest.c
configure:3711: $? = 0
configure:3742: gcc -E  conftest.c
conftest.c:11:28: error: ac_nonexistent.h: No such file or directory
configure:3749: $? = 1
configure: failed program was:
| /* confdefs.h.  */
| #define PACKAGE_NAME ""
| #define PACKAGE_TARNAME ""
| #define PACKAGE_VERSION ""
| #define PACKAGE_STRING ""
| #define PACKAGE_BUGREPORT ""
| #define PACKAGE "cmatrix"
| #define VERSION "1.2a"
| #define HAVE_LIBNCURSES 1
| /* end confdefs.h.  */
| #include <ac_nonexistent.h>
configure:3782: result: gcc -E
configure:3811: gcc -E  conftest.c
configure:3818: $? = 0
configure:3849: gcc -E  conftest.c
conftest.c:11:28: error: ac_nonexistent.h: No such file or directory
configure:3856: $? = 1
configure: failed program was:
| /* confdefs.h.  */
| #define PACKAGE_NAME ""
| #define PACKAGE_TARNAME ""
| #define PACKAGE_VERSION ""
| #define PACKAGE_STRING ""
| #define PACKAGE_BUGREPORT ""
| #define PACKAGE "cmatrix"
| #define VERSION "1.2a"
| #define HAVE_LIBNCURSES 1
| /* end confdefs.h.  */
| #include <ac_nonexistent.h>
configure:3896: checking for grep that handles long lines and -e
configure:3956: result: /bin/grep
configure:3961: checking for egrep
configure:4025: result: /bin/grep -E
configure:4030: checking for ANSI C header files
configure:4060: gcc -c -g -O2  conftest.c >&5
configure:4067: $? = 0
configure:4166: gcc -o conftest -g -O2   conftest.c -lncurses  >&5
configure:4170: $? = 0
configure:4176: ./conftest
configure:4180: $? = 0
configure:4198: result: yes
configure:4222: checking for sys/types.h
configure:4243: gcc -c -g -O2  conftest.c >&5
configure:4250: $? = 0
configure:4267: result: yes
configure:4222: checking for sys/stat.h
configure:4243: gcc -c -g -O2  conftest.c >&5
configure:4250: $? = 0
configure:4267: result: yes
configure:4222: checking for stdlib.h
configure:4243: gcc -c -g -O2  conftest.c >&5
configure:4250: $? = 0
configure:4267: result: yes
configure:4222: checking for string.h
configure:4243: gcc -c -g -O2  conftest.c >&5
configure:4250: $? = 0
configure:4267: result: yes
configure:4222: checking for memory.h
configure:4243: gcc -c -g -O2  conftest.c >&5
configure:4250: $? = 0
configure:4267: result: yes
configure:4222: checking for strings.h
configure:4243: gcc -c -g -O2  conftest.c >&5
configure:4250: $? = 0
configure:4267: result: yes
configure:4222: checking for inttypes.h
configure:4243: gcc -c -g -O2  conftest.c >&5
configure:4250: $? = 0
configure:4267: result: yes
configure:4222: checking for stdint.h
configure:4243: gcc -c -g -O2  conftest.c >&5
configure:4250: $? = 0
configure:4267: result: yes
configure:4222: checking for unistd.h
configure:4243: gcc -c -g -O2  conftest.c >&5
configure:4250: $? = 0
configure:4267: result: yes
configure:4301: checking fcntl.h usability
configure:4318: gcc -c -g -O2  conftest.c >&5
configure:4325: $? = 0
configure:4339: result: yes
configure:4343: checking fcntl.h presence
configure:4358: gcc -E  conftest.c
configure:4365: $? = 0
configure:4379: result: yes
configure:4407: checking for fcntl.h
configure:4416: result: yes
configure:4301: checking sys/ioctl.h usability
configure:4318: gcc -c -g -O2  conftest.c >&5
configure:4325: $? = 0
configure:4339: result: yes
configure:4343: checking sys/ioctl.h presence
configure:4358: gcc -E  conftest.c
configure:4365: $? = 0
configure:4379: result: yes
configure:4407: checking for sys/ioctl.h
configure:4416: result: yes
configure:4290: checking for unistd.h
configure:4297: result: yes
configure:4301: checking termios.h usability
configure:4318: gcc -c -g -O2  conftest.c >&5
configure:4325: $? = 0
configure:4339: result: yes
configure:4343: checking termios.h presence
configure:4358: gcc -E  conftest.c
configure:4365: $? = 0
configure:4379: result: yes
configure:4407: checking for termios.h
configure:4416: result: yes
configure:4301: checking termio.h usability
configure:4318: gcc -c -g -O2  conftest.c >&5
configure:4325: $? = 0
configure:4339: result: yes
configure:4343: checking termio.h presence
configure:4358: gcc -E  conftest.c
configure:4365: $? = 0
configure:4379: result: yes
configure:4407: checking for termio.h
configure:4416: result: yes
configure:4433: checking return type of signal handlers
configure:4461: gcc -c -g -O2  conftest.c >&5
conftest.c: In function 'main':
conftest.c:32: error: void value not ignored as it ought to be
configure:4468: $? = 1
configure: failed program was:
| /* confdefs.h.  */
| #define PACKAGE_NAME ""
| #define PACKAGE_TARNAME ""
| #define PACKAGE_VERSION ""
| #define PACKAGE_STRING ""
| #define PACKAGE_BUGREPORT ""
| #define PACKAGE "cmatrix"
| #define VERSION "1.2a"
| #define HAVE_LIBNCURSES 1
| #define STDC_HEADERS 1
| #define HAVE_SYS_TYPES_H 1
| #define HAVE_SYS_STAT_H 1
| #define HAVE_STDLIB_H 1
| #define HAVE_STRING_H 1
| #define HAVE_MEMORY_H 1
| #define HAVE_STRINGS_H 1
| #define HAVE_INTTYPES_H 1
| #define HAVE_STDINT_H 1
| #define HAVE_UNISTD_H 1
| #define HAVE_FCNTL_H 1
| #define HAVE_SYS_IOCTL_H 1
| #define HAVE_UNISTD_H 1
| #define HAVE_TERMIOS_H 1
| #define HAVE_TERMIO_H 1
| /* end confdefs.h.  */
| #include <sys/types.h>
| #include <signal.h>
| 
| int
| main ()
| {
| return *(signal (0, 0)) (0) == 1;
|   ;
|   return 0;
| }
configure:4483: result: void
configure:4495: checking for putenv
configure:4551: gcc -o conftest -g -O2   conftest.c -lncurses  >&5
configure:4558: $? = 0
configure:4580: result: yes
configure:4611: checking curses.h usability
configure:4628: gcc -c -g -O2  conftest.c >&5
configure:4635: $? = 0
configure:4649: result: yes
configure:4653: checking curses.h presence
configure:4668: gcc -E  conftest.c
configure:4675: $? = 0
configure:4689: result: yes
configure:4717: checking for curses.h
configure:4726: result: yes
configure:4611: checking ncurses.h usability
configure:4628: gcc -c -g -O2  conftest.c >&5
configure:4635: $? = 0
configure:4649: result: yes
configure:4653: checking ncurses.h presence
configure:4668: gcc -E  conftest.c
configure:4675: $? = 0
configure:4689: result: yes
configure:4717: checking for ncurses.h
configure:4726: result: yes
configure:4743: checking for tgetent in -lncurses
configure:4778: gcc -o conftest -g -O2   conftest.c -lncurses  -lncurses  >&5
configure:4785: $? = 0
configure:4806: result: yes
configure:4970: result: "Using ncurses as the termcap library"
configure:4975: checking for use_default_colors in -lncurses
configure:5010: gcc -o conftest -g -O2   conftest.c -lncurses  -lncurses  >&5
configure:5017: $? = 0
configure:5040: result: yes
configure:5052: checking for resizeterm in -lncurses
configure:5087: gcc -o conftest -g -O2   conftest.c -lncurses  -lncurses  >&5
configure:5094: $? = 0
configure:5117: result: yes
configure:5129: checking for wresize in -lncurses
configure:5164: gcc -o conftest -g -O2   conftest.c -lncurses  -lncurses  >&5
configure:5171: $? = 0
configure:5194: result: yes
configure:5213: checking for consolechars
configure:5248: result: no
configure:5255: checking for setfont
configure:5274: found /bin/setfont
configure:5287: result: /bin/setfont
configure:5330: checking for /usr/lib/kbd/consolefonts
configure:5345: result: no
configure:5355: checking for /usr/share/consolefonts
configure:5370: result: no
configure:5392: WARNING:

*** You do not appear to have a consolefonts directory in a standard location
*** (/usr/lib/kbd or /usr/share), even though you appear to have the
*** consolechars and/or setfont command.  The matrix font for the console
*** will not be installed.  This means you will not be able to use the
*** matrix console font (and the -l command line switch) unless the font
*** is located in your current directory when you run CMatrix.

configure:5410: checking for mkfontdir
configure:5429: found /usr/bin/mkfontdir
configure:5442: result: /usr/bin/mkfontdir
configure:5450: checking for /usr/lib/X11/fonts/misc
configure:5465: result: no
configure:5475: checking for /usr/X11R6/lib/X11/fonts/misc
configure:5490: result: no
configure:5511: WARNING:

*** You do not appear to have an X window fonts directory in the standard
*** locations (/usr/lib/X11/fonts/misc or /usr/X11R6/lib/X11/fonts/misc). The
*** mtx.pcf font will not be installed.  This means you will probably not
*** be able to use the mtx fonts in your x terminals, and hence be unable
*** to use the -x command line switch.  Sorry about that...

configure:5659: creating ./config.status

## ---------------------- ##
## Running config.status. ##
## ---------------------- ##

This file was extended by config.status, which was
generated by GNU Autoconf 2.63.  Invocation command line was

  CONFIG_FILES    = 
  CONFIG_HEADERS  = 
  CONFIG_LINKS    = 
  CONFIG_COMMANDS = 
  $ ./config.status 

on gragoata

config.status:790: creating Makefile
config.status:790: creating cmatrix.spec
config.status:790: creating config.h
config.status:1064: executing depfiles commands

## ---------------- ##
## Cache variables. ##
## ---------------- ##

ac_cv_c_compiler_gnu=yes
ac_cv_env_CC_set=
ac_cv_env_CC_value=
ac_cv_env_CFLAGS_set=
ac_cv_env_CFLAGS_value=
ac_cv_env_CPPFLAGS_set=
ac_cv_env_CPPFLAGS_value=
ac_cv_env_CPP_set=
ac_cv_env_CPP_value=
ac_cv_env_LDFLAGS_set=
ac_cv_env_LDFLAGS_value=
ac_cv_env_LIBS_set=
ac_cv_env_LIBS_value=
ac_cv_env_build_alias_set=
ac_cv_env_build_alias_value=
ac_cv_env_host_alias_set=
ac_cv_env_host_alias_value=
ac_cv_env_target_alias_set=
ac_cv_env_target_alias_value=
ac_cv_file__usr_X11R6_lib_X11_fonts_misc=no
ac_cv_file__usr_lib_X11_fonts_misc=no
ac_cv_file__usr_lib_kbd_consolefonts=no
ac_cv_file__usr_share_consolefonts=no
ac_cv_func_putenv=yes
ac_cv_header_curses_h=yes
ac_cv_header_fcntl_h=yes
ac_cv_header_inttypes_h=yes
ac_cv_header_memory_h=yes
ac_cv_header_ncurses_h=yes
ac_cv_header_stdc=yes
ac_cv_header_stdint_h=yes
ac_cv_header_stdlib_h=yes
ac_cv_header_string_h=yes
ac_cv_header_strings_h=yes
ac_cv_header_sys_ioctl_h=yes
ac_cv_header_sys_stat_h=yes
ac_cv_header_sys_types_h=yes
ac_cv_header_termio_h=yes
ac_cv_header_termios_h=yes
ac_cv_header_unistd_h=yes
ac_cv_lib_ncurses___resizeterm=yes
ac_cv_lib_ncurses___use_default_colors=yes
ac_cv_lib_ncurses___wresize=yes
ac_cv_lib_ncurses_main=yes
ac_cv_lib_ncurses_tgetent=yes
ac_cv_objext=o
ac_cv_path_CONSOLECHARS=
ac_cv_path_EGREP='/bin/grep -E'
ac_cv_path_GREP=/bin/grep
ac_cv_path_MKFONTDIR=/usr/bin/mkfontdir
ac_cv_path_SETFONT=/bin/setfont
ac_cv_path_install='/usr/bin/install -c'
ac_cv_path_mkdir=/bin/mkdir
ac_cv_prog_AWK=gawk
ac_cv_prog_CPP='gcc -E'
ac_cv_prog_ac_ct_CC=gcc
ac_cv_prog_cc_c89=
ac_cv_prog_cc_g=yes
ac_cv_prog_make_make_set=yes
ac_cv_type_signal=void
am_cv_CC_dependencies_compiler_type=gcc3

## ----------------- ##
## Output variables. ##
## ----------------- ##

ACLOCAL='aclocal-1.11'
AMDEPBACKSLASH='\'
AMDEP_FALSE='#'
AMDEP_TRUE=''
AMTAR='tar'
AUTOCONF='autoconf'
AUTOHEADER='autoheader'
AUTOMAKE='automake-1.11'
AWK='gawk'
CC='gcc'
CCDEPMODE='depmode=gcc3'
CFLAGS='-g -O2'
CONSOLECHARS=''
CPP='gcc -E'
CPPFLAGS=''
CURSES_LIB='-lncurses'
CYGPATH_W='echo'
DEFS='-DHAVE_CONFIG_H'
DEPDIR='.deps'
ECHO_C=''
ECHO_N='-n'
ECHO_T=''
EGREP='/bin/grep -E'
EXEEXT=''
GREP='/bin/grep'
INSTALL_DATA='${INSTALL} -m 644'
INSTALL_PROGRAM='${INSTALL}'
INSTALL_SCRIPT='${INSTALL}'
INSTALL_STRIP_PROGRAM='$(install_sh) -c -s'
LDFLAGS=''
LIBOBJS=''
LIBS='-lncurses  -lncurses'
LTLIBOBJS=''
MAKEINFO='makeinfo'
MKDIR_P='/bin/mkdir -p'
MKFONTDIR='/usr/bin/mkfontdir'
OBJEXT='o'
PACKAGE='cmatrix'
PACKAGE_BUGREPORT=''
PACKAGE_NAME=''
PACKAGE_STRING=''
PACKAGE_TARNAME=''
PACKAGE_VERSION=''
PATH_SEPARATOR=':'
SETFONT='/bin/setfont'
SET_MAKE=''
SHELL='/bin/sh'
STRIP=''
VERSION='1.2a'
ac_ct_CC='gcc'
am__EXEEXT_FALSE=''
am__EXEEXT_TRUE='#'
am__fastdepCC_FALSE='#'
am__fastdepCC_TRUE=''
am__include='include'
am__isrc=''
am__leading_dot='.'
am__quote=''
am__tar='${AMTAR} chof - "$$tardir"'
am__untar='${AMTAR} xf -'
bindir='${exec_prefix}/bin'
build_alias=''
datadir='${datarootdir}'
datarootdir='${prefix}/share'
docdir='${datarootdir}/doc/${PACKAGE}'
dvidir='${docdir}'
exec_prefix='${prefix}'
host_alias=''
htmldir='${docdir}'
includedir='${prefix}/include'
infodir='${datarootdir}/info'
install_sh='${SHELL} /local/hmachado/Downloads/cmatrix-1.2a/install-sh'
libdir='${exec_prefix}/lib'
libexecdir='${exec_prefix}/libexec'
localedir='${datarootdir}/locale'
localstatedir='${prefix}/var'
mandir='${datarootdir}/man'
mkdir_p='/bin/mkdir -p'
oldincludedir='/usr/include'
pdfdir='${docdir}'
prefix='/usr/local'
program_transform_name='s,x,x,'
psdir='${docdir}'
sbindir='${exec_prefix}/sbin'
sharedstatedir='${prefix}/com'
sysconfdir='${prefix}/etc'
target_alias=''

## ----------- ##
## confdefs.h. ##
## ----------- ##

#define PACKAGE_NAME ""
#define PACKAGE_TARNAME ""
#define PACKAGE_VERSION ""
#define PACKAGE_STRING ""
#define PACKAGE_BUGREPORT ""
#define PACKAGE "cmatrix"
#define VERSION "1.2a"
#define HAVE_LIBNCURSES 1
#define STDC_HEADERS 1
#define HAVE_SYS_TYPES_H 1
#define HAVE_SYS_STAT_H 1
#define HAVE_STDLIB_H 1
#define HAVE_STRING_H 1
#define HAVE_MEMORY_H 1
#define HAVE_STRINGS_H 1
#define HAVE_INTTYPES_H 1
#define HAVE_STDINT_H 1
#define HAVE_UNISTD_H 1
#define HAVE_FCNTL_H 1
#define HAVE_SYS_IOCTL_H 1
#define HAVE_UNISTD_H 1
#define HAVE_TERMIOS_H 1
#define HAVE_TERMIO_H 1
#define RETSIGTYPE void
#define HAVE_PUTENV 1
#define HAVE_CURSES_H 1
#define HAVE_NCURSES_H 1
#define HAVE_USE_DEFAULT_COLORS 1
#define HAVE_RESIZETERM 1
#define HAVE_WRESIZE 1
#define HAVE_SETFONT /bin/setfont

configure: exit 0

## ---------------------- ##
## Running config.status. ##
## ---------------------- ##

This file was extended by config.status, which was
generated by GNU Autoconf 2.63.  Invocation command line was

  CONFIG_FILES    = 
  CONFIG_HEADERS  = 
  CONFIG_LINKS    = 
  CONFIG_COMMANDS = 
  $ ./config.status config.h

on gragoata

config.status:790: creating config.h
