This file contains any messages produced by compilers while
running configure, to aid debugging if configure makes a mistake.

It was created by universal-ctags configure 0.0.0, which was
generated by GNU Autoconf 2.63.  Invocation command line was

  $ ./configure --prefix=/local/hmachado/bin/ctags/bin

## --------- ##
## Platform. ##
## --------- ##

hostname = joaquina
uname -m = x86_64
uname -r = 2.6.32-754.24.3.el6.x86_64
uname -s = Linux
uname -v = #1 SMP Thu Nov 14 15:35:16 UTC 2019

/usr/bin/uname -p = unknown
/bin/uname -X     = unknown

/bin/arch              = x86_64
/usr/bin/arch -k       = unknown
/usr/convex/getsysinfo = unknown
/usr/bin/hostinfo      = unknown
/bin/machine           = unknown
/usr/bin/oslevel       = unknown
/bin/universe          = unknown

PATH: /local/hmachado//bin/tools/vim-8.1/bin
PATH: /usr/lib64/qt-3.3/bin
PATH: /usr/local/bin
PATH: /bin
PATH: /usr/bin


## ----------- ##
## Core tests. ##
## ----------- ##

configure:2043: checking for a BSD-compatible install
configure:2111: result: /usr/bin/install -c
configure:2122: checking whether build environment is sane
configure:2182: result: yes
configure:2323: checking for a thread-safe mkdir -p
configure:2362: result: /bin/mkdir -p
configure:2375: checking for gawk
configure:2391: found /bin/gawk
configure:2402: result: gawk
configure:2413: checking whether make sets $(MAKE)
configure:2435: result: yes
configure:2512: checking how to create a ustar tar archive
configure:2525: tar --version
tar (GNU tar) 1.23
Copyright (C) 2010 Free Software Foundation, Inc.
License GPLv3+: GNU GPL version 3 or later <http://gnu.org/licenses/gpl.html>.
This is free software: you are free to change and redistribute it.
There is NO WARRANTY, to the extent permitted by law.

Written by John Gilmore and Jay Fenlason.
configure:2528: $? = 0
configure:2568: tardir=conftest.dir && eval tar --format=ustar -chf - "$tardir" >conftest.tar
configure:2571: $? = 0
configure:2575: tar -xf - <conftest.tar
configure:2578: $? = 0
configure:2591: result: gnutar
configure:2619: checking build system type
configure:2637: result: x86_64-unknown-linux-gnu
configure:2659: checking host system type
configure:2674: result: x86_64-unknown-linux-gnu
configure:2960: checking for gcc
configure:2976: found /usr/bin/gcc
configure:2987: result: gcc
configure:3219: checking for C compiler version
configure:3227: gcc --version >&5
gcc (GCC) 4.4.7 20120313 (Red Hat 4.4.7-23)
Copyright (C) 2010 Free Software Foundation, Inc.
This is free software; see the source for copying conditions.  There is NO
warranty; not even for MERCHANTABILITY or FITNESS FOR A PARTICULAR PURPOSE.

configure:3231: $? = 0
configure:3238: gcc -v >&5
Using built-in specs.
Target: x86_64-redhat-linux
Configured with: ../configure --prefix=/usr --mandir=/usr/share/man --infodir=/usr/share/info --with-bugurl=http://bugzilla.redhat.com/bugzilla --enable-bootstrap --enable-shared --enable-threads=posix --enable-checking=release --with-system-zlib --enable-__cxa_atexit --disable-libunwind-exceptions --enable-gnu-unique-object --enable-languages=c,c++,objc,obj-c++,java,fortran,ada --enable-java-awt=gtk --disable-dssi --with-java-home=/usr/lib/jvm/java-1.5.0-gcj-1.5.0.0/jre --enable-libgcj-multifile --enable-java-maintainer-mode --with-ecj-jar=/usr/share/java/eclipse-ecj.jar --disable-libjava-multilib --with-ppl --with-cloog --with-tune=generic --with-arch_32=i686 --build=x86_64-redhat-linux
Thread model: posix
gcc version 4.4.7 20120313 (Red Hat 4.4.7-23) (GCC) 
configure:3242: $? = 0
configure:3249: gcc -V >&5
gcc: '-V' option must have argument
configure:3253: $? = 1
configure:3276: checking for C compiler default output file name
configure:3298: gcc    conftest.c  >&5
configure:3302: $? = 0
configure:3340: result: a.out
configure:3359: checking whether the C compiler works
configure:3369: ./a.out
configure:3373: $? = 0
configure:3392: result: yes
configure:3399: checking whether we are cross compiling
configure:3401: result: no
configure:3404: checking for suffix of executables
configure:3411: gcc -o conftest    conftest.c  >&5
configure:3415: $? = 0
configure:3441: result: 
configure:3447: checking for suffix of object files
configure:3473: gcc -c   conftest.c >&5
configure:3477: $? = 0
configure:3502: result: o
configure:3506: checking whether we are using the GNU C compiler
configure:3535: gcc -c   conftest.c >&5
configure:3542: $? = 0
configure:3559: result: yes
configure:3568: checking whether gcc accepts -g
configure:3598: gcc -c -g  conftest.c >&5
configure:3605: $? = 0
configure:3706: result: yes
configure:3723: checking for gcc option to accept ISO C89
configure:3797: gcc  -c -g -O2  conftest.c >&5
configure:3804: $? = 0
configure:3827: result: none needed
configure:3856: checking for style of include used by make
configure:3884: result: GNU
configure:3909: checking dependency style of gcc
configure:4019: result: gcc3
configure:4034: checking for gcc option to accept ISO C99
configure:4193: gcc  -c -g -O2  conftest.c >&5
conftest.c:62: error: expected ';', ',' or ')' before 'text'
conftest.c: In function 'main':
conftest.c:116: error: expected '=', ',', ';', 'asm' or '__attribute__' before 'newvar'
conftest.c:116: error: 'newvar' undeclared (first use in this function)
conftest.c:116: error: (Each undeclared identifier is reported only once
conftest.c:116: error: for each function it appears in.)
conftest.c:126: error: 'for' loop initial declarations are only allowed in C99 mode
conftest.c:126: note: use option -std=c99 or -std=gnu99 to compile your code
configure:4200: $? = 1
configure: failed program was:
| /* confdefs.h.  */
| #define PACKAGE_NAME "universal-ctags"
| #define PACKAGE_TARNAME "universal-ctags"
| #define PACKAGE_VERSION "0.0.0"
| #define PACKAGE_STRING "universal-ctags 0.0.0"
| #define PACKAGE_BUGREPORT ""
| #define PACKAGE "universal-ctags"
| #define VERSION "0.0.0"
| #define DEFAULT_FILE_FORMAT 2
| #define ETAGS "etags"
| /* end confdefs.h.  */
| #include <stdarg.h>
| #include <stdbool.h>
| #include <stdlib.h>
| #include <wchar.h>
| #include <stdio.h>
| 
| // Check varargs macros.  These examples are taken from C99 6.10.3.5.
| #define debug(...) fprintf (stderr, __VA_ARGS__)
| #define showlist(...) puts (#__VA_ARGS__)
| #define report(test,...) ((test) ? puts (#test) : printf (__VA_ARGS__))
| static void
| test_varargs_macros (void)
| {
|   int x = 1234;
|   int y = 5678;
|   debug ("Flag");
|   debug ("X = %d\n", x);
|   showlist (The first, second, and third items.);
|   report (x>y, "x is %d but y is %d", x, y);
| }
| 
| // Check long long types.
| #define BIG64 18446744073709551615ull
| #define BIG32 4294967295ul
| #define BIG_OK (BIG64 / BIG32 == 4294967297ull && BIG64 % BIG32 == 0)
| #if !BIG_OK
|   your preprocessor is broken;
| #endif
| #if BIG_OK
| #else
|   your preprocessor is broken;
| #endif
| static long long int bignum = -9223372036854775807LL;
| static unsigned long long int ubignum = BIG64;
| 
| struct incomplete_array
| {
|   int datasize;
|   double data[];
| };
| 
| struct named_init {
|   int number;
|   const wchar_t *name;
|   double average;
| };
| 
| typedef const char *ccp;
| 
| static inline int
| test_restrict (ccp restrict text)
| {
|   // See if C++-style comments work.
|   // Iterate through items via the restricted pointer.
|   // Also check for declarations in for loops.
|   for (unsigned int i = 0; *(text+i) != '\0'; ++i)
|     continue;
|   return 0;
| }
| 
| // Check varargs and va_copy.
| static void
| test_varargs (const char *format, ...)
| {
|   va_list args;
|   va_start (args, format);
|   va_list args_copy;
|   va_copy (args_copy, args);
| 
|   const char *str;
|   int number;
|   float fnumber;
| 
|   while (*format)
|     {
|       switch (*format++)
| 	{
| 	case 's': // string
| 	  str = va_arg (args_copy, const char *);
| 	  break;
| 	case 'd': // int
| 	  number = va_arg (args_copy, int);
| 	  break;
| 	case 'f': // float
| 	  fnumber = va_arg (args_copy, double);
| 	  break;
| 	default:
| 	  break;
| 	}
|     }
|   va_end (args_copy);
|   va_end (args);
| }
| 
| int
| main ()
| {
| 
|   // Check bool.
|   _Bool success = false;
| 
|   // Check restrict.
|   if (test_restrict ("String literal") == 0)
|     success = true;
|   char *restrict newvar = "Another string";
| 
|   // Check varargs.
|   test_varargs ("s, d' f .", "string", 65, 34.234);
|   test_varargs_macros ();
| 
|   // Check flexible array members.
|   struct incomplete_array *ia =
|     malloc (sizeof (struct incomplete_array) + (sizeof (double) * 10));
|   ia->datasize = 10;
|   for (int i = 0; i < ia->datasize; ++i)
|     ia->data[i] = i * 1.234;
| 
|   // Check named initializers.
|   struct named_init ni = {
|     .number = 34,
|     .name = L"Test wide string",
|     .average = 543.34343,
|   };
| 
|   ni.number = 58;
| 
|   int dynamic_array[ni.number];
|   dynamic_array[ni.number - 1] = 543;
| 
|   // work around unused variable warnings
|   return (!success || bignum == 0LL || ubignum == 0uLL || newvar[0] == 'x'
| 	  || dynamic_array[ni.number - 1] != 543);
| 
|   ;
|   return 0;
| }
configure:4193: gcc -std=gnu99 -c -g -O2  conftest.c >&5
configure:4200: $? = 0
configure:4230: result: -std=gnu99
configure:4279: checking for ranlib
configure:4295: found /usr/bin/ranlib
configure:4306: result: ranlib
configure:4334: checking how to run the C preprocessor
configure:4374: gcc -std=gnu99 -E  conftest.c
configure:4381: $? = 0
configure:4412: gcc -std=gnu99 -E  conftest.c
conftest.c:12:28: error: ac_nonexistent.h: No such file or directory
configure:4419: $? = 1
configure: failed program was:
| /* confdefs.h.  */
| #define PACKAGE_NAME "universal-ctags"
| #define PACKAGE_TARNAME "universal-ctags"
| #define PACKAGE_VERSION "0.0.0"
| #define PACKAGE_STRING "universal-ctags 0.0.0"
| #define PACKAGE_BUGREPORT ""
| #define PACKAGE "universal-ctags"
| #define VERSION "0.0.0"
| #define DEFAULT_FILE_FORMAT 2
| #define ETAGS "etags"
| /* end confdefs.h.  */
| #include <ac_nonexistent.h>
configure:4452: result: gcc -std=gnu99 -E
configure:4481: gcc -std=gnu99 -E  conftest.c
configure:4488: $? = 0
configure:4519: gcc -std=gnu99 -E  conftest.c
conftest.c:12:28: error: ac_nonexistent.h: No such file or directory
configure:4526: $? = 1
configure: failed program was:
| /* confdefs.h.  */
| #define PACKAGE_NAME "universal-ctags"
| #define PACKAGE_TARNAME "universal-ctags"
| #define PACKAGE_VERSION "0.0.0"
| #define PACKAGE_STRING "universal-ctags 0.0.0"
| #define PACKAGE_BUGREPORT ""
| #define PACKAGE "universal-ctags"
| #define VERSION "0.0.0"
| #define DEFAULT_FILE_FORMAT 2
| #define ETAGS "etags"
| /* end confdefs.h.  */
| #include <ac_nonexistent.h>
configure:4566: checking for grep that handles long lines and -e
configure:4626: result: /bin/grep
configure:4631: checking for egrep
configure:4695: result: /bin/grep -E
configure:4700: checking for ANSI C header files
configure:4730: gcc -std=gnu99 -c -g -O2  conftest.c >&5
configure:4737: $? = 0
configure:4836: gcc -std=gnu99 -o conftest -g -O2   conftest.c  >&5
configure:4840: $? = 0
configure:4846: ./conftest
configure:4850: $? = 0
configure:4868: result: yes
configure:4892: checking for sys/types.h
configure:4913: gcc -std=gnu99 -c -g -O2  conftest.c >&5
configure:4920: $? = 0
configure:4937: result: yes
configure:4892: checking for sys/stat.h
configure:4913: gcc -std=gnu99 -c -g -O2  conftest.c >&5
configure:4920: $? = 0
configure:4937: result: yes
configure:4892: checking for stdlib.h
configure:4913: gcc -std=gnu99 -c -g -O2  conftest.c >&5
configure:4920: $? = 0
configure:4937: result: yes
configure:4892: checking for string.h
configure:4913: gcc -std=gnu99 -c -g -O2  conftest.c >&5
configure:4920: $? = 0
configure:4937: result: yes
configure:4892: checking for memory.h
configure:4913: gcc -std=gnu99 -c -g -O2  conftest.c >&5
configure:4920: $? = 0
configure:4937: result: yes
configure:4892: checking for strings.h
configure:4913: gcc -std=gnu99 -c -g -O2  conftest.c >&5
configure:4920: $? = 0
configure:4937: result: yes
configure:4892: checking for inttypes.h
configure:4913: gcc -std=gnu99 -c -g -O2  conftest.c >&5
configure:4920: $? = 0
configure:4937: result: yes
configure:4892: checking for stdint.h
configure:4913: gcc -std=gnu99 -c -g -O2  conftest.c >&5
configure:4920: $? = 0
configure:4937: result: yes
configure:4892: checking for unistd.h
configure:4913: gcc -std=gnu99 -c -g -O2  conftest.c >&5
configure:4920: $? = 0
configure:4937: result: yes
configure:4952: checking whether byte ordering is bigendian
configure:4977: gcc -std=gnu99 -c -g -O2  conftest.c >&5
conftest.c:23: error: expected '=', ',', ';', 'asm' or '__attribute__' before 'a'
configure:4984: $? = 1
configure: failed program was:
| /* confdefs.h.  */
| #define PACKAGE_NAME "universal-ctags"
| #define PACKAGE_TARNAME "universal-ctags"
| #define PACKAGE_VERSION "0.0.0"
| #define PACKAGE_STRING "universal-ctags 0.0.0"
| #define PACKAGE_BUGREPORT ""
| #define PACKAGE "universal-ctags"
| #define VERSION "0.0.0"
| #define DEFAULT_FILE_FORMAT 2
| #define ETAGS "etags"
| #define STDC_HEADERS 1
| #define HAVE_SYS_TYPES_H 1
| #define HAVE_SYS_STAT_H 1
| #define HAVE_STDLIB_H 1
| #define HAVE_STRING_H 1
| #define HAVE_MEMORY_H 1
| #define HAVE_STRINGS_H 1
| #define HAVE_INTTYPES_H 1
| #define HAVE_STDINT_H 1
| #define HAVE_UNISTD_H 1
| /* end confdefs.h.  */
| #ifndef __APPLE_CC__
| 	       not a universal capable compiler
| 	     #endif
| 	     typedef int dummy;
| 
configure:5034: gcc -std=gnu99 -c -g -O2  conftest.c >&5
configure:5041: $? = 0
configure:5073: gcc -std=gnu99 -c -g -O2  conftest.c >&5
conftest.c: In function 'main':
conftest.c:29: error: 'not' undeclared (first use in this function)
conftest.c:29: error: (Each undeclared identifier is reported only once
conftest.c:29: error: for each function it appears in.)
conftest.c:29: error: expected ';' before 'big'
configure:5080: $? = 1
configure: failed program was:
| /* confdefs.h.  */
| #define PACKAGE_NAME "universal-ctags"
| #define PACKAGE_TARNAME "universal-ctags"
| #define PACKAGE_VERSION "0.0.0"
| #define PACKAGE_STRING "universal-ctags 0.0.0"
| #define PACKAGE_BUGREPORT ""
| #define PACKAGE "universal-ctags"
| #define VERSION "0.0.0"
| #define DEFAULT_FILE_FORMAT 2
| #define ETAGS "etags"
| #define STDC_HEADERS 1
| #define HAVE_SYS_TYPES_H 1
| #define HAVE_SYS_STAT_H 1
| #define HAVE_STDLIB_H 1
| #define HAVE_STRING_H 1
| #define HAVE_MEMORY_H 1
| #define HAVE_STRINGS_H 1
| #define HAVE_INTTYPES_H 1
| #define HAVE_STDINT_H 1
| #define HAVE_UNISTD_H 1
| /* end confdefs.h.  */
| #include <sys/types.h>
| 		#include <sys/param.h>
| 
| int
| main ()
| {
| #if BYTE_ORDER != BIG_ENDIAN
| 		 not big endian
| 		#endif
| 
|   ;
|   return 0;
| }
configure:5332: result: no
configure:5387: checking whether ln -s works
configure:5391: result: yes
configure:5400: checking for strip
configure:5416: found /usr/bin/strip
configure:5428: result: strip
configure:5443: checking for special C compiler options needed for large files
configure:5538: result: no
configure:5544: checking for _FILE_OFFSET_BITS value needed for large files
configure:5579: gcc -std=gnu99 -c -g -O2  conftest.c >&5
configure:5586: $? = 0
configure:5655: result: no
configure:5797: checking for perl
configure:5827: result: no
configure:5849: checking for rst2man
configure:5882: result: no
configure:5849: checking for rst2man.py
configure:5882: result: no
configure:5849: checking for rst2man3
configure:5882: result: no
configure:5849: checking for rst2man3.py
configure:5882: result: no
configure:5917: checking building in a git repository
configure:5922: result: yes
configure:5929: checking for git
configure:5945: found /usr/bin/git
configure:5956: result: git
configure:5984: checking for timeout
configure:6000: found /usr/bin/timeout
configure:6011: result: timeout
configure:6038: checking for python3
configure:6068: result: no
configure:6038: checking for python3.8
configure:6068: result: no
configure:6038: checking for python3.7
configure:6068: result: no
configure:6038: checking for python3.6
configure:6068: result: no
configure:6038: checking for python3.5
configure:6068: result: no
configure:6038: checking for python
configure:6054: found /usr/bin/python
configure:6065: result: python
configure:6079: checking directory to use for temporary files
configure:6095: result: /tmp
configure:6108: checking for case-insensitive filenames
configure:6119: result: no
configure:6124: checking selected sort method
configure:6130: result: external sort utility
configure:6135: checking for sort
configure:6151: found /bin/sort
configure:6163: result: yes
configure:6172: checking if sort accepts our command line
configure:6180: result: yes
configure:6222: checking direct.h usability
configure:6239: gcc -std=gnu99 -c -g -O2  conftest.c >&5
conftest.c:57:20: error: direct.h: No such file or directory
configure:6246: $? = 1
configure: failed program was:
| /* confdefs.h.  */
| #define PACKAGE_NAME "universal-ctags"
| #define PACKAGE_TARNAME "universal-ctags"
| #define PACKAGE_VERSION "0.0.0"
| #define PACKAGE_STRING "universal-ctags 0.0.0"
| #define PACKAGE_BUGREPORT ""
| #define PACKAGE "universal-ctags"
| #define VERSION "0.0.0"
| #define DEFAULT_FILE_FORMAT 2
| #define ETAGS "etags"
| #define STDC_HEADERS 1
| #define HAVE_SYS_TYPES_H 1
| #define HAVE_SYS_STAT_H 1
| #define HAVE_STDLIB_H 1
| #define HAVE_STRING_H 1
| #define HAVE_MEMORY_H 1
| #define HAVE_STRINGS_H 1
| #define HAVE_INTTYPES_H 1
| #define HAVE_STDINT_H 1
| #define HAVE_UNISTD_H 1
| #define TMPDIR "/tmp"
| #define EXTERNAL_SORT 1
| /* end confdefs.h.  */
| #include <stdio.h>
| #ifdef HAVE_SYS_TYPES_H
| # include <sys/types.h>
| #endif
| #ifdef HAVE_SYS_STAT_H
| # include <sys/stat.h>
| #endif
| #ifdef STDC_HEADERS
| # include <stdlib.h>
| # include <stddef.h>
| #else
| # ifdef HAVE_STDLIB_H
| #  include <stdlib.h>
| # endif
| #endif
| #ifdef HAVE_STRING_H
| # if !defined STDC_HEADERS && defined HAVE_MEMORY_H
| #  include <memory.h>
| # endif
| # include <string.h>
| #endif
| #ifdef HAVE_STRINGS_H
| # include <strings.h>
| #endif
| #ifdef HAVE_INTTYPES_H
| # include <inttypes.h>
| #endif
| #ifdef HAVE_STDINT_H
| # include <stdint.h>
| #endif
| #ifdef HAVE_UNISTD_H
| # include <unistd.h>
| #endif
| #include <direct.h>
configure:6260: result: no
configure:6264: checking direct.h presence
configure:6279: gcc -std=gnu99 -E  conftest.c
conftest.c:24:20: error: direct.h: No such file or directory
configure:6286: $? = 1
configure: failed program was:
| /* confdefs.h.  */
| #define PACKAGE_NAME "universal-ctags"
| #define PACKAGE_TARNAME "universal-ctags"
| #define PACKAGE_VERSION "0.0.0"
| #define PACKAGE_STRING "universal-ctags 0.0.0"
| #define PACKAGE_BUGREPORT ""
| #define PACKAGE "universal-ctags"
| #define VERSION "0.0.0"
| #define DEFAULT_FILE_FORMAT 2
| #define ETAGS "etags"
| #define STDC_HEADERS 1
| #define HAVE_SYS_TYPES_H 1
| #define HAVE_SYS_STAT_H 1
| #define HAVE_STDLIB_H 1
| #define HAVE_STRING_H 1
| #define HAVE_MEMORY_H 1
| #define HAVE_STRINGS_H 1
| #define HAVE_INTTYPES_H 1
| #define HAVE_STDINT_H 1
| #define HAVE_UNISTD_H 1
| #define TMPDIR "/tmp"
| #define EXTERNAL_SORT 1
| /* end confdefs.h.  */
| #include <direct.h>
configure:6300: result: no
configure:6328: checking for direct.h
configure:6337: result: no
configure:6222: checking dirent.h usability
configure:6239: gcc -std=gnu99 -c -g -O2  conftest.c >&5
configure:6246: $? = 0
configure:6260: result: yes
configure:6264: checking dirent.h presence
configure:6279: gcc -std=gnu99 -E  conftest.c
configure:6286: $? = 0
configure:6300: result: yes
configure:6328: checking for dirent.h
configure:6337: result: yes
configure:6222: checking fcntl.h usability
configure:6239: gcc -std=gnu99 -c -g -O2  conftest.c >&5
configure:6246: $? = 0
configure:6260: result: yes
configure:6264: checking fcntl.h presence
configure:6279: gcc -std=gnu99 -E  conftest.c
configure:6286: $? = 0
configure:6300: result: yes
configure:6328: checking for fcntl.h
configure:6337: result: yes
configure:6222: checking io.h usability
configure:6239: gcc -std=gnu99 -c -g -O2  conftest.c >&5
conftest.c:59:16: error: io.h: No such file or directory
configure:6246: $? = 1
configure: failed program was:
| /* confdefs.h.  */
| #define PACKAGE_NAME "universal-ctags"
| #define PACKAGE_TARNAME "universal-ctags"
| #define PACKAGE_VERSION "0.0.0"
| #define PACKAGE_STRING "universal-ctags 0.0.0"
| #define PACKAGE_BUGREPORT ""
| #define PACKAGE "universal-ctags"
| #define VERSION "0.0.0"
| #define DEFAULT_FILE_FORMAT 2
| #define ETAGS "etags"
| #define STDC_HEADERS 1
| #define HAVE_SYS_TYPES_H 1
| #define HAVE_SYS_STAT_H 1
| #define HAVE_STDLIB_H 1
| #define HAVE_STRING_H 1
| #define HAVE_MEMORY_H 1
| #define HAVE_STRINGS_H 1
| #define HAVE_INTTYPES_H 1
| #define HAVE_STDINT_H 1
| #define HAVE_UNISTD_H 1
| #define TMPDIR "/tmp"
| #define EXTERNAL_SORT 1
| #define HAVE_DIRENT_H 1
| #define HAVE_FCNTL_H 1
| /* end confdefs.h.  */
| #include <stdio.h>
| #ifdef HAVE_SYS_TYPES_H
| # include <sys/types.h>
| #endif
| #ifdef HAVE_SYS_STAT_H
| # include <sys/stat.h>
| #endif
| #ifdef STDC_HEADERS
| # include <stdlib.h>
| # include <stddef.h>
| #else
| # ifdef HAVE_STDLIB_H
| #  include <stdlib.h>
| # endif
| #endif
| #ifdef HAVE_STRING_H
| # if !defined STDC_HEADERS && defined HAVE_MEMORY_H
| #  include <memory.h>
| # endif
| # include <string.h>
| #endif
| #ifdef HAVE_STRINGS_H
| # include <strings.h>
| #endif
| #ifdef HAVE_INTTYPES_H
| # include <inttypes.h>
| #endif
| #ifdef HAVE_STDINT_H
| # include <stdint.h>
| #endif
| #ifdef HAVE_UNISTD_H
| # include <unistd.h>
| #endif
| #include <io.h>
configure:6260: result: no
configure:6264: checking io.h presence
configure:6279: gcc -std=gnu99 -E  conftest.c
conftest.c:26:16: error: io.h: No such file or directory
configure:6286: $? = 1
configure: failed program was:
| /* confdefs.h.  */
| #define PACKAGE_NAME "universal-ctags"
| #define PACKAGE_TARNAME "universal-ctags"
| #define PACKAGE_VERSION "0.0.0"
| #define PACKAGE_STRING "universal-ctags 0.0.0"
| #define PACKAGE_BUGREPORT ""
| #define PACKAGE "universal-ctags"
| #define VERSION "0.0.0"
| #define DEFAULT_FILE_FORMAT 2
| #define ETAGS "etags"
| #define STDC_HEADERS 1
| #define HAVE_SYS_TYPES_H 1
| #define HAVE_SYS_STAT_H 1
| #define HAVE_STDLIB_H 1
| #define HAVE_STRING_H 1
| #define HAVE_MEMORY_H 1
| #define HAVE_STRINGS_H 1
| #define HAVE_INTTYPES_H 1
| #define HAVE_STDINT_H 1
| #define HAVE_UNISTD_H 1
| #define TMPDIR "/tmp"
| #define EXTERNAL_SORT 1
| #define HAVE_DIRENT_H 1
| #define HAVE_FCNTL_H 1
| /* end confdefs.h.  */
| #include <io.h>
configure:6300: result: no
configure:6328: checking for io.h
configure:6337: result: no
configure:6222: checking stat.h usability
configure:6239: gcc -std=gnu99 -c -g -O2  conftest.c >&5
conftest.c:59:18: error: stat.h: No such file or directory
configure:6246: $? = 1
configure: failed program was:
| /* confdefs.h.  */
| #define PACKAGE_NAME "universal-ctags"
| #define PACKAGE_TARNAME "universal-ctags"
| #define PACKAGE_VERSION "0.0.0"
| #define PACKAGE_STRING "universal-ctags 0.0.0"
| #define PACKAGE_BUGREPORT ""
| #define PACKAGE "universal-ctags"
| #define VERSION "0.0.0"
| #define DEFAULT_FILE_FORMAT 2
| #define ETAGS "etags"
| #define STDC_HEADERS 1
| #define HAVE_SYS_TYPES_H 1
| #define HAVE_SYS_STAT_H 1
| #define HAVE_STDLIB_H 1
| #define HAVE_STRING_H 1
| #define HAVE_MEMORY_H 1
| #define HAVE_STRINGS_H 1
| #define HAVE_INTTYPES_H 1
| #define HAVE_STDINT_H 1
| #define HAVE_UNISTD_H 1
| #define TMPDIR "/tmp"
| #define EXTERNAL_SORT 1
| #define HAVE_DIRENT_H 1
| #define HAVE_FCNTL_H 1
| /* end confdefs.h.  */
| #include <stdio.h>
| #ifdef HAVE_SYS_TYPES_H
| # include <sys/types.h>
| #endif
| #ifdef HAVE_SYS_STAT_H
| # include <sys/stat.h>
| #endif
| #ifdef STDC_HEADERS
| # include <stdlib.h>
| # include <stddef.h>
| #else
| # ifdef HAVE_STDLIB_H
| #  include <stdlib.h>
| # endif
| #endif
| #ifdef HAVE_STRING_H
| # if !defined STDC_HEADERS && defined HAVE_MEMORY_H
| #  include <memory.h>
| # endif
| # include <string.h>
| #endif
| #ifdef HAVE_STRINGS_H
| # include <strings.h>
| #endif
| #ifdef HAVE_INTTYPES_H
| # include <inttypes.h>
| #endif
| #ifdef HAVE_STDINT_H
| # include <stdint.h>
| #endif
| #ifdef HAVE_UNISTD_H
| # include <unistd.h>
| #endif
| #include <stat.h>
configure:6260: result: no
configure:6264: checking stat.h presence
configure:6279: gcc -std=gnu99 -E  conftest.c
conftest.c:26:18: error: stat.h: No such file or directory
configure:6286: $? = 1
configure: failed program was:
| /* confdefs.h.  */
| #define PACKAGE_NAME "universal-ctags"
| #define PACKAGE_TARNAME "universal-ctags"
| #define PACKAGE_VERSION "0.0.0"
| #define PACKAGE_STRING "universal-ctags 0.0.0"
| #define PACKAGE_BUGREPORT ""
| #define PACKAGE "universal-ctags"
| #define VERSION "0.0.0"
| #define DEFAULT_FILE_FORMAT 2
| #define ETAGS "etags"
| #define STDC_HEADERS 1
| #define HAVE_SYS_TYPES_H 1
| #define HAVE_SYS_STAT_H 1
| #define HAVE_STDLIB_H 1
| #define HAVE_STRING_H 1
| #define HAVE_MEMORY_H 1
| #define HAVE_STRINGS_H 1
| #define HAVE_INTTYPES_H 1
| #define HAVE_STDINT_H 1
| #define HAVE_UNISTD_H 1
| #define TMPDIR "/tmp"
| #define EXTERNAL_SORT 1
| #define HAVE_DIRENT_H 1
| #define HAVE_FCNTL_H 1
| /* end confdefs.h.  */
| #include <stat.h>
configure:6300: result: no
configure:6328: checking for stat.h
configure:6337: result: no
configure:6222: checking types.h usability
configure:6239: gcc -std=gnu99 -c -g -O2  conftest.c >&5
conftest.c:59:19: error: types.h: No such file or directory
configure:6246: $? = 1
configure: failed program was:
| /* confdefs.h.  */
| #define PACKAGE_NAME "universal-ctags"
| #define PACKAGE_TARNAME "universal-ctags"
| #define PACKAGE_VERSION "0.0.0"
| #define PACKAGE_STRING "universal-ctags 0.0.0"
| #define PACKAGE_BUGREPORT ""
| #define PACKAGE "universal-ctags"
| #define VERSION "0.0.0"
| #define DEFAULT_FILE_FORMAT 2
| #define ETAGS "etags"
| #define STDC_HEADERS 1
| #define HAVE_SYS_TYPES_H 1
| #define HAVE_SYS_STAT_H 1
| #define HAVE_STDLIB_H 1
| #define HAVE_STRING_H 1
| #define HAVE_MEMORY_H 1
| #define HAVE_STRINGS_H 1
| #define HAVE_INTTYPES_H 1
| #define HAVE_STDINT_H 1
| #define HAVE_UNISTD_H 1
| #define TMPDIR "/tmp"
| #define EXTERNAL_SORT 1
| #define HAVE_DIRENT_H 1
| #define HAVE_FCNTL_H 1
| /* end confdefs.h.  */
| #include <stdio.h>
| #ifdef HAVE_SYS_TYPES_H
| # include <sys/types.h>
| #endif
| #ifdef HAVE_SYS_STAT_H
| # include <sys/stat.h>
| #endif
| #ifdef STDC_HEADERS
| # include <stdlib.h>
| # include <stddef.h>
| #else
| # ifdef HAVE_STDLIB_H
| #  include <stdlib.h>
| # endif
| #endif
| #ifdef HAVE_STRING_H
| # if !defined STDC_HEADERS && defined HAVE_MEMORY_H
| #  include <memory.h>
| # endif
| # include <string.h>
| #endif
| #ifdef HAVE_STRINGS_H
| # include <strings.h>
| #endif
| #ifdef HAVE_INTTYPES_H
| # include <inttypes.h>
| #endif
| #ifdef HAVE_STDINT_H
| # include <stdint.h>
| #endif
| #ifdef HAVE_UNISTD_H
| # include <unistd.h>
| #endif
| #include <types.h>
configure:6260: result: no
configure:6264: checking types.h presence
configure:6279: gcc -std=gnu99 -E  conftest.c
conftest.c:26:19: error: types.h: No such file or directory
configure:6286: $? = 1
configure: failed program was:
| /* confdefs.h.  */
| #define PACKAGE_NAME "universal-ctags"
| #define PACKAGE_TARNAME "universal-ctags"
| #define PACKAGE_VERSION "0.0.0"
| #define PACKAGE_STRING "universal-ctags 0.0.0"
| #define PACKAGE_BUGREPORT ""
| #define PACKAGE "universal-ctags"
| #define VERSION "0.0.0"
| #define DEFAULT_FILE_FORMAT 2
| #define ETAGS "etags"
| #define STDC_HEADERS 1
| #define HAVE_SYS_TYPES_H 1
| #define HAVE_SYS_STAT_H 1
| #define HAVE_STDLIB_H 1
| #define HAVE_STRING_H 1
| #define HAVE_MEMORY_H 1
| #define HAVE_STRINGS_H 1
| #define HAVE_INTTYPES_H 1
| #define HAVE_STDINT_H 1
| #define HAVE_UNISTD_H 1
| #define TMPDIR "/tmp"
| #define EXTERNAL_SORT 1
| #define HAVE_DIRENT_H 1
| #define HAVE_FCNTL_H 1
| /* end confdefs.h.  */
| #include <types.h>
configure:6300: result: no
configure:6328: checking for types.h
configure:6337: result: no
configure:6211: checking for unistd.h
configure:6218: result: yes
configure:6371: checking sys/dir.h usability
configure:6388: gcc -std=gnu99 -c -g -O2  conftest.c >&5
configure:6395: $? = 0
configure:6409: result: yes
configure:6413: checking sys/dir.h presence
configure:6428: gcc -std=gnu99 -E  conftest.c
configure:6435: $? = 0
configure:6449: result: yes
configure:6477: checking for sys/dir.h
configure:6486: result: yes
configure:6360: checking for sys/stat.h
configure:6367: result: yes
configure:6360: checking for sys/types.h
configure:6367: result: yes
configure:6371: checking sys/wait.h usability
configure:6388: gcc -std=gnu99 -c -g -O2  conftest.c >&5
configure:6395: $? = 0
configure:6409: result: yes
configure:6413: checking sys/wait.h presence
configure:6428: gcc -std=gnu99 -E  conftest.c
configure:6435: $? = 0
configure:6449: result: yes
configure:6477: checking for sys/wait.h
configure:6486: result: yes
configure:6506: checking if L_tmpnam is defined in stdio.h
configure:6524: result: yes
configure:6545: checking for off_t
configure:6573: gcc -std=gnu99 -c -g -O2  conftest.c >&5
configure:6580: $? = 0
configure:6607: gcc -std=gnu99 -c -g -O2  conftest.c >&5
conftest.c: In function 'main':
conftest.c:67: error: expected expression before ')' token
configure:6614: $? = 1
configure: failed program was:
| /* confdefs.h.  */
| #define PACKAGE_NAME "universal-ctags"
| #define PACKAGE_TARNAME "universal-ctags"
| #define PACKAGE_VERSION "0.0.0"
| #define PACKAGE_STRING "universal-ctags 0.0.0"
| #define PACKAGE_BUGREPORT ""
| #define PACKAGE "universal-ctags"
| #define VERSION "0.0.0"
| #define DEFAULT_FILE_FORMAT 2
| #define ETAGS "etags"
| #define STDC_HEADERS 1
| #define HAVE_SYS_TYPES_H 1
| #define HAVE_SYS_STAT_H 1
| #define HAVE_STDLIB_H 1
| #define HAVE_STRING_H 1
| #define HAVE_MEMORY_H 1
| #define HAVE_STRINGS_H 1
| #define HAVE_INTTYPES_H 1
| #define HAVE_STDINT_H 1
| #define HAVE_UNISTD_H 1
| #define TMPDIR "/tmp"
| #define EXTERNAL_SORT 1
| #define HAVE_DIRENT_H 1
| #define HAVE_FCNTL_H 1
| #define HAVE_UNISTD_H 1
| #define HAVE_SYS_DIR_H 1
| #define HAVE_SYS_STAT_H 1
| #define HAVE_SYS_TYPES_H 1
| #define HAVE_SYS_WAIT_H 1
| /* end confdefs.h.  */
| #include <stdio.h>
| #ifdef HAVE_SYS_TYPES_H
| # include <sys/types.h>
| #endif
| #ifdef HAVE_SYS_STAT_H
| # include <sys/stat.h>
| #endif
| #ifdef STDC_HEADERS
| # include <stdlib.h>
| # include <stddef.h>
| #else
| # ifdef HAVE_STDLIB_H
| #  include <stdlib.h>
| # endif
| #endif
| #ifdef HAVE_STRING_H
| # if !defined STDC_HEADERS && defined HAVE_MEMORY_H
| #  include <memory.h>
| # endif
| # include <string.h>
| #endif
| #ifdef HAVE_STRINGS_H
| # include <strings.h>
| #endif
| #ifdef HAVE_INTTYPES_H
| # include <inttypes.h>
| #endif
| #ifdef HAVE_STDINT_H
| # include <stdint.h>
| #endif
| #ifdef HAVE_UNISTD_H
| # include <unistd.h>
| #endif
| int
| main ()
| {
| if (sizeof ((off_t)))
| 	  return 0;
|   ;
|   return 0;
| }
configure:6637: result: yes
configure:6666: checking stdbool.h usability
configure:6683: gcc -std=gnu99 -c -g -O2  conftest.c >&5
configure:6690: $? = 0
configure:6704: result: yes
configure:6708: checking stdbool.h presence
configure:6723: gcc -std=gnu99 -E  conftest.c
configure:6730: $? = 0
configure:6744: result: yes
configure:6772: checking for stdbool.h
configure:6781: result: yes
configure:6797: checking if "%zu" in printf works
configure:6830: gcc -std=gnu99 -o conftest -g -O2   conftest.c  >&5
configure:6834: $? = 0
configure:6840: ./conftest
configure:6844: $? = 0
configure:6860: result: yes
configure:8324: checking for an ANSI C-conforming const
configure:8399: gcc -std=gnu99 -c -g -O2  conftest.c >&5
configure:8406: $? = 0
configure:8421: result: yes
configure:8434: checking for typeof syntax and keyword spelling
configure:8475: gcc -std=gnu99 -c -g -O2  conftest.c >&5
configure:8482: $? = 0
configure:8499: result: typeof
configure:8540: checking if compiler supprots statement expressions
configure:8565: gcc -std=gnu99 -c -g -O2  conftest.c >&5
configure:8572: $? = 0
configure:8586: result: yes
configure:8599: checking if struct stat contains st_ino
configure:8630: gcc -std=gnu99 -c -g -O2  conftest.c >&5
configure:8637: $? = 0
configure:8651: result: yes
configure:8705: checking for fnmatch
configure:8761: gcc -std=gnu99 -o conftest -g -O2   conftest.c  >&5
configure:8768: $? = 0
configure:8790: result: yes
configure:8833: checking fnmatch.h usability
configure:8850: gcc -std=gnu99 -c -g -O2  conftest.c >&5
configure:8857: $? = 0
configure:8871: result: yes
configure:8875: checking fnmatch.h presence
configure:8890: gcc -std=gnu99 -E  conftest.c
configure:8897: $? = 0
configure:8911: result: yes
configure:8939: checking for fnmatch.h
configure:8948: result: yes
configure:8976: checking for asprintf
configure:9032: gcc -std=gnu99 -o conftest -g -O2   conftest.c  >&5
configure:9039: $? = 0
configure:9061: result: yes
configure:9077: checking for strstr
configure:9133: gcc -std=gnu99 -o conftest -g -O2   conftest.c  >&5
conftest.c:61: warning: conflicting types for built-in function 'strstr'
configure:9140: $? = 0
configure:9162: result: yes
configure:9179: checking for strcasecmp
configure:9235: gcc -std=gnu99 -o conftest -g -O2   conftest.c  >&5
conftest.c:62: warning: conflicting types for built-in function 'strcasecmp'
configure:9242: $? = 0
configure:9264: result: yes
configure:9281: checking for strncasecmp
configure:9337: gcc -std=gnu99 -o conftest -g -O2   conftest.c  >&5
conftest.c:63: warning: conflicting types for built-in function 'strncasecmp'
configure:9344: $? = 0
configure:9366: result: yes
configure:9383: checking for mkstemp
configure:9439: gcc -std=gnu99 -o conftest -g -O2   conftest.c  >&5
configure:9446: $? = 0
configure:9468: result: yes
configure:9697: checking for opendir
configure:9753: gcc -std=gnu99 -o conftest -g -O2   conftest.c  >&5
configure:9760: $? = 0
configure:9782: result: yes
configure:9798: checking for strerror
configure:9854: gcc -std=gnu99 -o conftest -g -O2   conftest.c  >&5
configure:9861: $? = 0
configure:9883: result: yes
configure:9900: checking for truncate
configure:9956: gcc -std=gnu99 -o conftest -g -O2   conftest.c  >&5
configure:9963: $? = 0
configure:9985: result: yes
configure:10209: checking for setenv
configure:10265: gcc -std=gnu99 -o conftest -g -O2   conftest.c  >&5
configure:10272: $? = 0
configure:10294: result: yes
configure:10461: checking for regcomp
configure:10517: gcc -std=gnu99 -o conftest -g -O2   conftest.c  >&5
configure:10524: $? = 0
configure:10546: result: yes
configure:10555: checking if regcomp works
configure:10584: gcc -std=gnu99 -o conftest -g -O2   conftest.c  >&5
configure:10588: $? = 0
configure:10594: ./conftest
configure:10598: $? = 0
configure:10614: result: yes
configure:10655: checking for scandir
configure:10711: gcc -std=gnu99 -o conftest -g -O2   conftest.c  >&5
configure:10718: $? = 0
configure:10740: result: yes
configure:10759: checking for dirent.h
configure:10766: result: yes
configure:10950: checking for pkg-config
configure:10968: found /usr/bin/pkg-config
configure:10980: result: /usr/bin/pkg-config
configure:11005: checking pkg-config is at least version 0.9.0
configure:11008: result: yes
configure:11018: $PKG_CONFIG --exists --print-errors "dummy"
Package dummy was not found in the pkg-config search path.
Perhaps you should add the directory containing `dummy.pc'
to the PKG_CONFIG_PATH environment variable
No package 'dummy' found
configure:11021: $? = 1
configure:11041: checking for LIBXML
configure:11048: $PKG_CONFIG --exists --print-errors "libxml-2.0 >= 2.7.7"
Requested 'libxml-2.0 >= 2.7.7' but version of libXML is 2.7.6
configure:11051: $? = 1
configure:11064: $PKG_CONFIG --exists --print-errors "libxml-2.0 >= 2.7.7"
Requested 'libxml-2.0 >= 2.7.7' but version of libXML is 2.7.6
configure:11067: $? = 1
Requested 'libxml-2.0 >= 2.7.7' but version of libXML is 2.7.6
configure:11094: result: no
configure:11154: checking for JANSSON
configure:11161: $PKG_CONFIG --exists --print-errors "jansson"
Package jansson was not found in the pkg-config search path.
Perhaps you should add the directory containing `jansson.pc'
to the PKG_CONFIG_PATH environment variable
No package 'jansson' found
configure:11164: $? = 1
configure:11177: $PKG_CONFIG --exists --print-errors "jansson"
Package jansson was not found in the pkg-config search path.
Perhaps you should add the directory containing `jansson.pc'
to the PKG_CONFIG_PATH environment variable
No package 'jansson' found
configure:11180: $? = 1
No package 'jansson' found
configure:11207: result: no
configure:11258: checking for SECCOMP
configure:11265: $PKG_CONFIG --exists --print-errors "libseccomp"
Package libseccomp was not found in the pkg-config search path.
Perhaps you should add the directory containing `libseccomp.pc'
to the PKG_CONFIG_PATH environment variable
No package 'libseccomp' found
configure:11268: $? = 1
configure:11281: $PKG_CONFIG --exists --print-errors "libseccomp"
Package libseccomp was not found in the pkg-config search path.
Perhaps you should add the directory containing `libseccomp.pc'
to the PKG_CONFIG_PATH environment variable
No package 'libseccomp' found
configure:11284: $? = 1
No package 'libseccomp' found
configure:11311: result: no
configure:11355: checking for LIBYAML
configure:11362: $PKG_CONFIG --exists --print-errors "yaml-0.1"
Package yaml-0.1 was not found in the pkg-config search path.
Perhaps you should add the directory containing `yaml-0.1.pc'
to the PKG_CONFIG_PATH environment variable
No package 'yaml-0.1' found
configure:11365: $? = 1
configure:11378: $PKG_CONFIG --exists --print-errors "yaml-0.1"
Package yaml-0.1 was not found in the pkg-config search path.
Perhaps you should add the directory containing `yaml-0.1.pc'
to the PKG_CONFIG_PATH environment variable
No package 'yaml-0.1' found
configure:11381: $? = 1
No package 'yaml-0.1' found
configure:11408: result: no
configure:11451: checking for new missing prototypes
configure:11587: checking for iconv_open or libiconv_open with -liconv
configure:11612: gcc -std=gnu99 -o conftest -g -O2   conftest.c       -liconv >&5
/usr/bin/ld: cannot find -liconv
collect2: ld returned 1 exit status
configure:11619: $? = 1
configure: failed program was:
| /* confdefs.h.  */
| #define PACKAGE_NAME "universal-ctags"
| #define PACKAGE_TARNAME "universal-ctags"
| #define PACKAGE_VERSION "0.0.0"
| #define PACKAGE_STRING "universal-ctags 0.0.0"
| #define PACKAGE_BUGREPORT ""
| #define PACKAGE "universal-ctags"
| #define VERSION "0.0.0"
| #define DEFAULT_FILE_FORMAT 2
| #define ETAGS "etags"
| #define STDC_HEADERS 1
| #define HAVE_SYS_TYPES_H 1
| #define HAVE_SYS_STAT_H 1
| #define HAVE_STDLIB_H 1
| #define HAVE_STRING_H 1
| #define HAVE_MEMORY_H 1
| #define HAVE_STRINGS_H 1
| #define HAVE_INTTYPES_H 1
| #define HAVE_STDINT_H 1
| #define HAVE_UNISTD_H 1
| #define TMPDIR "/tmp"
| #define EXTERNAL_SORT 1
| #define HAVE_DIRENT_H 1
| #define HAVE_FCNTL_H 1
| #define HAVE_UNISTD_H 1
| #define HAVE_SYS_DIR_H 1
| #define HAVE_SYS_STAT_H 1
| #define HAVE_SYS_TYPES_H 1
| #define HAVE_SYS_WAIT_H 1
| #define HAVE_STDBOOL_H 1
| #define HAVE_TYPEOF 1
| #define HAVE_STATEMENT_EXPRESSION_EXT 1
| #define HAVE_STAT_ST_INO 1
| #define HAVE_FNMATCH 1
| #define HAVE_FNMATCH_H 1
| #define HAVE_ASPRINTF 1
| #define HAVE_STRSTR 1
| #define HAVE_STRCASECMP 1
| #define HAVE_STRNCASECMP 1
| #define HAVE_MKSTEMP 1
| #define HAVE_OPENDIR 1
| #define HAVE_STRERROR 1
| #define HAVE_TRUNCATE 1
| #define HAVE_SETENV 1
| #define HAVE_REGCOMP 1
| #define HAVE_SCANDIR 1
| #define HAVE_DIRENT_H 1
| /* end confdefs.h.  */
| 
| 			#include <iconv.h>
| 
| int
| main ()
| {
| iconv_open("fr", "to")
|   ;
|   return 0;
| }
configure:11667: gcc -std=gnu99 -o conftest -g -O2   conftest.c       -liconv >&5
conftest.c: In function 'main':
conftest.c:55: warning: implicit declaration of function 'libiconv_open'
/usr/bin/ld: cannot find -liconv
collect2: ld returned 1 exit status
configure:11674: $? = 1
configure: failed program was:
| /* confdefs.h.  */
| #define PACKAGE_NAME "universal-ctags"
| #define PACKAGE_TARNAME "universal-ctags"
| #define PACKAGE_VERSION "0.0.0"
| #define PACKAGE_STRING "universal-ctags 0.0.0"
| #define PACKAGE_BUGREPORT ""
| #define PACKAGE "universal-ctags"
| #define VERSION "0.0.0"
| #define DEFAULT_FILE_FORMAT 2
| #define ETAGS "etags"
| #define STDC_HEADERS 1
| #define HAVE_SYS_TYPES_H 1
| #define HAVE_SYS_STAT_H 1
| #define HAVE_STDLIB_H 1
| #define HAVE_STRING_H 1
| #define HAVE_MEMORY_H 1
| #define HAVE_STRINGS_H 1
| #define HAVE_INTTYPES_H 1
| #define HAVE_STDINT_H 1
| #define HAVE_UNISTD_H 1
| #define TMPDIR "/tmp"
| #define EXTERNAL_SORT 1
| #define HAVE_DIRENT_H 1
| #define HAVE_FCNTL_H 1
| #define HAVE_UNISTD_H 1
| #define HAVE_SYS_DIR_H 1
| #define HAVE_SYS_STAT_H 1
| #define HAVE_SYS_TYPES_H 1
| #define HAVE_SYS_WAIT_H 1
| #define HAVE_STDBOOL_H 1
| #define HAVE_TYPEOF 1
| #define HAVE_STATEMENT_EXPRESSION_EXT 1
| #define HAVE_STAT_ST_INO 1
| #define HAVE_FNMATCH 1
| #define HAVE_FNMATCH_H 1
| #define HAVE_ASPRINTF 1
| #define HAVE_STRSTR 1
| #define HAVE_STRCASECMP 1
| #define HAVE_STRNCASECMP 1
| #define HAVE_MKSTEMP 1
| #define HAVE_OPENDIR 1
| #define HAVE_STRERROR 1
| #define HAVE_TRUNCATE 1
| #define HAVE_SETENV 1
| #define HAVE_REGCOMP 1
| #define HAVE_SCANDIR 1
| #define HAVE_DIRENT_H 1
| /* end confdefs.h.  */
| 
| 		#include <iconv.h>
| 
| int
| main ()
| {
| libiconv_open("fr", "to")
|   ;
|   return 0;
| }
configure:11704: result: no
configure:11706: checking for iconv_open
configure:11762: gcc -std=gnu99 -o conftest -g -O2   conftest.c  >&5
configure:11769: $? = 0
configure:11789: result: yes
configure:11825: checking whether __environ is declared
configure:11857: gcc -std=gnu99 -c -g -O2  conftest.c >&5
configure:11864: $? = 0
configure:11879: result: yes
configure:11897: checking whether _NSGetEnviron is declared
configure:11929: gcc -std=gnu99 -c -g -O2  conftest.c >&5
conftest.c:52:25: error: crt_externs.h: No such file or directory
conftest.c: In function 'main':
conftest.c:59: error: '_NSGetEnviron' undeclared (first use in this function)
conftest.c:59: error: (Each undeclared identifier is reported only once
conftest.c:59: error: for each function it appears in.)
configure:11936: $? = 1
configure: failed program was:
| /* confdefs.h.  */
| #define PACKAGE_NAME "universal-ctags"
| #define PACKAGE_TARNAME "universal-ctags"
| #define PACKAGE_VERSION "0.0.0"
| #define PACKAGE_STRING "universal-ctags 0.0.0"
| #define PACKAGE_BUGREPORT ""
| #define PACKAGE "universal-ctags"
| #define VERSION "0.0.0"
| #define DEFAULT_FILE_FORMAT 2
| #define ETAGS "etags"
| #define STDC_HEADERS 1
| #define HAVE_SYS_TYPES_H 1
| #define HAVE_SYS_STAT_H 1
| #define HAVE_STDLIB_H 1
| #define HAVE_STRING_H 1
| #define HAVE_MEMORY_H 1
| #define HAVE_STRINGS_H 1
| #define HAVE_INTTYPES_H 1
| #define HAVE_STDINT_H 1
| #define HAVE_UNISTD_H 1
| #define TMPDIR "/tmp"
| #define EXTERNAL_SORT 1
| #define HAVE_DIRENT_H 1
| #define HAVE_FCNTL_H 1
| #define HAVE_UNISTD_H 1
| #define HAVE_SYS_DIR_H 1
| #define HAVE_SYS_STAT_H 1
| #define HAVE_SYS_TYPES_H 1
| #define HAVE_SYS_WAIT_H 1
| #define HAVE_STDBOOL_H 1
| #define HAVE_TYPEOF 1
| #define HAVE_STATEMENT_EXPRESSION_EXT 1
| #define HAVE_STAT_ST_INO 1
| #define HAVE_FNMATCH 1
| #define HAVE_FNMATCH_H 1
| #define HAVE_ASPRINTF 1
| #define HAVE_STRSTR 1
| #define HAVE_STRCASECMP 1
| #define HAVE_STRNCASECMP 1
| #define HAVE_MKSTEMP 1
| #define HAVE_OPENDIR 1
| #define HAVE_STRERROR 1
| #define HAVE_TRUNCATE 1
| #define HAVE_SETENV 1
| #define HAVE_REGCOMP 1
| #define HAVE_SCANDIR 1
| #define HAVE_DIRENT_H 1
| #define HAVE_ICONV 1
| #define HAVE_DECL___ENVIRON 1
| /* end confdefs.h.  */
| 
| #include <crt_externs.h>
| 
| 
| int
| main ()
| {
| #ifndef _NSGetEnviron
|   (void) _NSGetEnviron;
| #endif
| 
|   ;
|   return 0;
| }
configure:11951: result: no
configure:11969: checking whether strnlen is declared
configure:12001: gcc -std=gnu99 -c -g -O2  conftest.c >&5
configure:12008: $? = 0
configure:12023: result: yes
configure:12067: checking for mblen
configure:12123: gcc -std=gnu99 -o conftest -g -O2   conftest.c  >&5
configure:12130: $? = 0
configure:12152: result: yes
configure:12391: creating ./config.status

## ---------------------- ##
## Running config.status. ##
## ---------------------- ##

This file was extended by universal-ctags config.status 0.0.0, which was
generated by GNU Autoconf 2.63.  Invocation command line was

  CONFIG_FILES    = 
  CONFIG_HEADERS  = 
  CONFIG_LINKS    = 
  CONFIG_COMMANDS = 
  $ ./config.status 

on joaquina

config.status:879: creating Makefile
config.status:879: creating man/ctags.1.rst
config.status:879: creating man/ctags-client-tools.7.rst
config.status:879: creating man/ctags-incompatibilities.7.rst
config.status:879: creating man/ctags-optlib.7.rst
config.status:879: creating man/readtags.1.rst
config.status:879: creating config.h
config.status:1153: executing depfiles commands

## ---------------- ##
## Cache variables. ##
## ---------------- ##

ac_cv_build=x86_64-unknown-linux-gnu
ac_cv_c_bigendian=no
ac_cv_c_compiler_gnu=yes
ac_cv_c_const=yes
ac_cv_c_typeof=typeof
ac_cv_env_CC_set=
ac_cv_env_CC_value=
ac_cv_env_CFLAGS_set=
ac_cv_env_CFLAGS_value=
ac_cv_env_CGCC_CFLAGS_set=
ac_cv_env_CGCC_CFLAGS_value=
ac_cv_env_CPPFLAGS_set=
ac_cv_env_CPPFLAGS_value=
ac_cv_env_CPP_set=
ac_cv_env_CPP_value=
ac_cv_env_DEBUG_CPPFLAGS_set=
ac_cv_env_DEBUG_CPPFLAGS_value=
ac_cv_env_EXTRA_CFLAGS_set=
ac_cv_env_EXTRA_CFLAGS_value=
ac_cv_env_EXTRA_CPPFLAGS_set=
ac_cv_env_EXTRA_CPPFLAGS_value=
ac_cv_env_JANSSON_CFLAGS_set=
ac_cv_env_JANSSON_CFLAGS_value=
ac_cv_env_JANSSON_LIBS_set=
ac_cv_env_JANSSON_LIBS_value=
ac_cv_env_LDFLAGS_set=
ac_cv_env_LDFLAGS_value=
ac_cv_env_LIBS_set=
ac_cv_env_LIBS_value=
ac_cv_env_LIBXML_CFLAGS_set=
ac_cv_env_LIBXML_CFLAGS_value=
ac_cv_env_LIBXML_LIBS_set=
ac_cv_env_LIBXML_LIBS_value=
ac_cv_env_LIBYAML_CFLAGS_set=
ac_cv_env_LIBYAML_CFLAGS_value=
ac_cv_env_LIBYAML_LIBS_set=
ac_cv_env_LIBYAML_LIBS_value=
ac_cv_env_PKG_CONFIG_set=
ac_cv_env_PKG_CONFIG_value=
ac_cv_env_SECCOMP_CFLAGS_set=
ac_cv_env_SECCOMP_CFLAGS_value=
ac_cv_env_SECCOMP_LIBS_set=
ac_cv_env_SECCOMP_LIBS_value=
ac_cv_env_WARNING_CFLAGS_set=
ac_cv_env_WARNING_CFLAGS_value=
ac_cv_env_build_alias_set=
ac_cv_env_build_alias_value=
ac_cv_env_host_alias_set=
ac_cv_env_host_alias_value=
ac_cv_env_target_alias_set=
ac_cv_env_target_alias_value=
ac_cv_func_asprintf=yes
ac_cv_func_fnmatch=yes
ac_cv_func_iconv_open=yes
ac_cv_func_mblen=yes
ac_cv_func_mkstemp=yes
ac_cv_func_opendir=yes
ac_cv_func_regcomp=yes
ac_cv_func_scandir=yes
ac_cv_func_setenv=yes
ac_cv_func_strcasecmp=yes
ac_cv_func_strerror=yes
ac_cv_func_strncasecmp=yes
ac_cv_func_strstr=yes
ac_cv_func_truncate=yes
ac_cv_have_decl__NSGetEnviron=no
ac_cv_have_decl___environ=yes
ac_cv_have_decl_strnlen=yes
ac_cv_header_direct_h=no
ac_cv_header_dirent_h=yes
ac_cv_header_fcntl_h=yes
ac_cv_header_fnmatch_h=yes
ac_cv_header_inttypes_h=yes
ac_cv_header_io_h=no
ac_cv_header_memory_h=yes
ac_cv_header_stat_h=no
ac_cv_header_stdbool_h=yes
ac_cv_header_stdc=yes
ac_cv_header_stdint_h=yes
ac_cv_header_stdlib_h=yes
ac_cv_header_string_h=yes
ac_cv_header_strings_h=yes
ac_cv_header_sys_dir_h=yes
ac_cv_header_sys_stat_h=yes
ac_cv_header_sys_types_h=yes
ac_cv_header_sys_wait_h=yes
ac_cv_header_types_h=no
ac_cv_header_unistd_h=yes
ac_cv_host=x86_64-unknown-linux-gnu
ac_cv_objext=o
ac_cv_path_EGREP='/bin/grep -E'
ac_cv_path_GREP=/bin/grep
ac_cv_path_ac_pt_PKG_CONFIG=/usr/bin/pkg-config
ac_cv_path_install='/usr/bin/install -c'
ac_cv_path_mkdir=/bin/mkdir
ac_cv_prog_AWK=gawk
ac_cv_prog_CPP='gcc -std=gnu99 -E'
ac_cv_prog_GIT=git
ac_cv_prog_PYTHON=python
ac_cv_prog_STRIP=strip
ac_cv_prog_TESTING_TIMEOUT=timeout
ac_cv_prog_ac_ct_CC=gcc
ac_cv_prog_ac_ct_RANLIB=ranlib
ac_cv_prog_cc_c89=
ac_cv_prog_cc_c99=-std=gnu99
ac_cv_prog_cc_g=yes
ac_cv_prog_make_make_set=yes
ac_cv_prog_sort_found=yes
ac_cv_sys_file_offset_bits=no
ac_cv_sys_largefile_CC=no
ac_cv_type_off_t=yes
am_cv_CC_dependencies_compiler_type=gcc3
am_cv_prog_tar_ustar=gnutar

## ----------------- ##
## Output variables. ##
## ----------------- ##

ACLOCAL='${SHELL} /local/hmachado/bin/ctags/missing --run aclocal-1.11'
AMDEPBACKSLASH='\'
AMDEP_FALSE='#'
AMDEP_TRUE=''
AMTAR='${SHELL} /local/hmachado/bin/ctags/missing --run tar'
AM_BACKSLASH='\'
AM_DEFAULT_VERBOSITY='0'
AUTOCONF='${SHELL} /local/hmachado/bin/ctags/missing --run autoconf'
AUTOHEADER='${SHELL} /local/hmachado/bin/ctags/missing --run autoheader'
AUTOMAKE='${SHELL} /local/hmachado/bin/ctags/missing --run automake-1.11'
AWK='gawk'
BUILD_IN_GIT_REPO_FALSE='#'
BUILD_IN_GIT_REPO_TRUE=''
CC='gcc -std=gnu99'
CCDEPMODE='depmode=gcc3'
CFLAGS='-g -O2'
CGCC_CFLAGS=''
COVERAGE_CFLAGS=''
COVERAGE_LDFLAGS=''
CPP='gcc -std=gnu99 -E'
CPPFLAGS=''
CTAGS_NAME_EXECUTABLE='ctags'
CYGPATH_W='echo'
DEBUG_CPPFLAGS='-DDEBUG'
DEFS='-DHAVE_CONFIG_H'
DEPDIR='.deps'
ECHO_C=''
ECHO_N='-n'
ECHO_T=''
EGREP='/bin/grep -E'
ENABLE_DEBUGGING_FALSE=''
ENABLE_DEBUGGING_TRUE='#'
ETAGS_NAME_EXECUTABLE='etags'
EXEEXT=''
EXTRA_CFLAGS='-std=gnu99'
EXTRA_CPPFLAGS='-D_GNU_SOURCE -D__USE_GNU'
FNMATCH_CPPFLAGS=''
GIT='git'
GREP='/bin/grep'
HAVE_FNMATCH_FALSE='#'
HAVE_FNMATCH_TRUE=''
HAVE_JANSSON_FALSE=''
HAVE_JANSSON_TRUE='#'
HAVE_LIBXML_FALSE=''
HAVE_LIBXML_TRUE='#'
HAVE_LIBYAML_FALSE=''
HAVE_LIBYAML_TRUE='#'
HAVE_REGCOMP_FALSE='#'
HAVE_REGCOMP_TRUE=''
HAVE_RST2MAN_FALSE=''
HAVE_RST2MAN_TRUE='#'
HAVE_STRNLEN_FALSE='#'
HAVE_STRNLEN_TRUE=''
HAVE_TIMEOUT_FALSE='#'
HAVE_TIMEOUT_TRUE=''
HOST_MINGW_FALSE=''
HOST_MINGW_TRUE='#'
ICONV_LIBS=''
INSTALL_DATA='${INSTALL} -m 644'
INSTALL_ETAGS_FALSE=''
INSTALL_ETAGS_TRUE='#'
INSTALL_PROGRAM='${INSTALL}'
INSTALL_SCRIPT='${INSTALL}'
INSTALL_STRIP_PROGRAM='$(install_sh) -c -s'
JANSSON_CFLAGS=''
JANSSON_LIBS=''
LDFLAGS=''
LIBOBJS=''
LIBS=''
LIBXML_CFLAGS=''
LIBXML_LIBS=''
LIBYAML_CFLAGS=''
LIBYAML_LIBS=''
LN_S='ln -s'
LTLIBOBJS=''
MAKEINFO='${SHELL} /local/hmachado/bin/ctags/missing --run makeinfo'
MKDIR_P='/bin/mkdir -p'
OBJEXT='o'
PACKAGE='universal-ctags'
PACKAGE_BUGREPORT=''
PACKAGE_NAME='universal-ctags'
PACKAGE_STRING='universal-ctags 0.0.0'
PACKAGE_TARNAME='universal-ctags'
PACKAGE_VERSION='0.0.0'
PATH_SEPARATOR=':'
PKG_CONFIG='/usr/bin/pkg-config'
PYTHON='python'
RANLIB='ranlib'
REAL_CC=''
REGCOMP_CPPFLAGS=''
RST2MAN='no'
RST2MAN_OPTIONS=''
RUN_OPTLIB2C_FALSE='#'
RUN_OPTLIB2C_TRUE=''
SECCOMP_CFLAGS=''
SECCOMP_LIBS=''
SET_MAKE=''
SHELL='/bin/sh'
STRIP='strip'
TESTING_TIMEOUT='timeout'
USE_READCMD_FALSE='#'
USE_READCMD_TRUE=''
VERSION='0.0.0'
WARNING_CFLAGS='-Wall'
ac_ct_CC='gcc'
am__EXEEXT_FALSE=''
am__EXEEXT_TRUE='#'
am__fastdepCC_FALSE='#'
am__fastdepCC_TRUE=''
am__include='include'
am__isrc=''
am__leading_dot='.'
am__quote=''
am__tar='tar --format=ustar -chf - "$$tardir"'
am__untar='tar -xf -'
bindir='${exec_prefix}/bin'
build='x86_64-unknown-linux-gnu'
build_alias=''
build_cpu='x86_64'
build_os='linux-gnu'
build_vendor='unknown'
datadir='${datarootdir}'
datarootdir='${prefix}/share'
docdir='${datarootdir}/doc/${PACKAGE_TARNAME}'
dvidir='${docdir}'
exec_prefix='${prefix}'
host='x86_64-unknown-linux-gnu'
host_alias=''
host_cpu='x86_64'
host_os='linux-gnu'
host_vendor='unknown'
htmldir='${docdir}'
includedir='${prefix}/include'
infodir='${datarootdir}/info'
install_sh='${SHELL} /local/hmachado/bin/ctags/install-sh'
libdir='${exec_prefix}/lib'
libexecdir='${exec_prefix}/libexec'
localedir='${datarootdir}/locale'
localstatedir='${prefix}/var'
mandir='${datarootdir}/man'
mkdir_p='/bin/mkdir -p'
oldincludedir='/usr/include'
pdfdir='${docdir}'
perl_found='yes'
prefix='/local/hmachado/bin/ctags/bin'
program_transform_name='s,x,x,'
psdir='${docdir}'
sbindir='${exec_prefix}/sbin'
sharedstatedir='${prefix}/com'
sort_found='yes'
sysconfdir='${prefix}/etc'
target_alias=''

## ----------- ##
## confdefs.h. ##
## ----------- ##

#define PACKAGE_NAME "universal-ctags"
#define PACKAGE_TARNAME "universal-ctags"
#define PACKAGE_VERSION "0.0.0"
#define PACKAGE_STRING "universal-ctags 0.0.0"
#define PACKAGE_BUGREPORT ""
#define PACKAGE "universal-ctags"
#define VERSION "0.0.0"
#define DEFAULT_FILE_FORMAT 2
#define ETAGS "etags"
#define STDC_HEADERS 1
#define HAVE_SYS_TYPES_H 1
#define HAVE_SYS_STAT_H 1
#define HAVE_STDLIB_H 1
#define HAVE_STRING_H 1
#define HAVE_MEMORY_H 1
#define HAVE_STRINGS_H 1
#define HAVE_INTTYPES_H 1
#define HAVE_STDINT_H 1
#define HAVE_UNISTD_H 1
#define TMPDIR "/tmp"
#define EXTERNAL_SORT 1
#define HAVE_DIRENT_H 1
#define HAVE_FCNTL_H 1
#define HAVE_UNISTD_H 1
#define HAVE_SYS_DIR_H 1
#define HAVE_SYS_STAT_H 1
#define HAVE_SYS_TYPES_H 1
#define HAVE_SYS_WAIT_H 1
#define HAVE_STDBOOL_H 1
#define HAVE_TYPEOF 1
#define HAVE_STATEMENT_EXPRESSION_EXT 1
#define HAVE_STAT_ST_INO 1
#define HAVE_FNMATCH 1
#define HAVE_FNMATCH_H 1
#define HAVE_ASPRINTF 1
#define HAVE_STRSTR 1
#define HAVE_STRCASECMP 1
#define HAVE_STRNCASECMP 1
#define HAVE_MKSTEMP 1
#define HAVE_OPENDIR 1
#define HAVE_STRERROR 1
#define HAVE_TRUNCATE 1
#define HAVE_SETENV 1
#define HAVE_REGCOMP 1
#define HAVE_SCANDIR 1
#define HAVE_DIRENT_H 1
#define HAVE_ICONV 1
#define HAVE_DECL___ENVIRON 1
#define HAVE_DECL__NSGETENVIRON 0
#define HAVE_DECL_STRNLEN 1
#define HAVE_MBLEN 1

configure: exit 0
